[ 2013-12-28T22:36:45+08:00 ] 127.0.0.1 /
INFO: [ app_begin ] --START--
INFO: Run ReadHtmlCache Behavior [ RunTime:0.001277s ]
INFO: Run load_lang Behavior [ RunTime:0.001300s ]
INFO: [ app_begin ] --END-- [ RunTime:0.002807s ]
SQL: SHOW COLUMNS FROM `rhmessage` [ RunTime:0.168432s ]
SQL: SELECT COUNT(*) AS tp_count FROM `rhmessage` WHERE ( `touserid` = null ) AND ( `isread` = 0 ) AND ( `isinbox` = 0 ) LIMIT 1   [ RunTime:0.086504s ]
SQL: SHOW COLUMNS FROM `rhgroup` [ RunTime:0.040819s ]
SQL: SHOW COLUMNS FROM `rhuser` [ RunTime:0.043776s ]
SQL: SHOW COLUMNS FROM `rhgroup_topics` [ RunTime:0.023844s ]
SQL: SHOW COLUMNS FROM `rharticle` [ RunTime:0.053275s ]
SQL: SELECT `groupid` FROM `rhgroup` WHERE ( `isshow` = 0 ) ORDER BY addtime desc LIMIT 10   [ RunTime:0.000281s ]
NOTIC: [8] Undefined variable: result D:\PHPWeb\app\Lib\Model\groupModel.class.php 第 26 行.
SQL: SELECT `userid`,`topicid`,`groupid`,`content`,`title` FROM `rhgroup_topics` WHERE ( `groupid` > 0 ) AND ( `isaudit` = 0 ) ORDER BY istop desc,addtime desc LIMIT 15   [ RunTime:0.000735s ]
NOTIC: [8] Undefined variable: result D:\PHPWeb\app\Lib\Model\group_topicsModel.class.php 第 50 行.
SQL: SELECT `userid` FROM `rhuser` WHERE ( `isenable` = 0 ) ORDER BY uptime desc LIMIT 12   [ RunTime:0.000206s ]
NOTIC: [2] Invalid argument supplied for foreach() D:\PHPWeb\app\Lib\Model\userModel.class.php 第 49 行.
NOTIC: [8] Undefined variable: result D:\PHPWeb\app\Lib\Model\userModel.class.php 第 52 行.
SQL: SHOW COLUMNS FROM `rharticle_item` [ RunTime:0.013102s ]
SQL: SELECT * FROM `rharticle_item` WHERE ( `isaudit` = 0 ) ORDER BY addtime desc LIMIT 8   [ RunTime:0.000328s ]
SQL: SELECT * FROM `rhgroup` WHERE ( `isrecommend` = 1 ) ORDER BY groupid asc LIMIT 10   [ RunTime:0.000260s ]
NOTIC: [8] Undefined variable: result D:\PHPWeb\app\Lib\Model\groupModel.class.php 第 127 行.
NOTIC: [2] Invalid argument supplied for foreach() D:\PHPWeb\app\Lib\Action\home\indexAction.class.php 第 27 行.
SQL: SELECT COUNT(*) AS tp_count FROM `rhuser` LIMIT 1   [ RunTime:0.000148s ]
NOTIC: [8] Undefined variable: arrRecommendGroup D:\PHPWeb\app\Lib\Action\home\indexAction.class.php 第 38 行.
INFO: [ view_template ] --START--
INFO: Run LocationTemplate Behavior [ RunTime:0.001103s ]
INFO: [ view_template ] --END-- [ RunTime:0.001181s ]
INFO: [ view_parse ] --START--
NOTIC: [8] Use of undefined constant userid - assumed 'userid' D:\PHPWeb\data\runtime\Cache\home\11e2f12d84b746b76491e3160c81a5b0.php 第 124 行.
INFO: Run ParseTemplate Behavior [ RunTime:0.051970s ]
INFO: [ view_parse ] --END-- [ RunTime:0.052086s ]
INFO: [ view_filter ] --START--
INFO: Run ContentReplace Behavior [ RunTime:0.000858s ]
INFO: Run TokenBuild Behavior [ RunTime:0.000853s ]
INFO: Run WriteHtmlCache Behavior [ RunTime:0.000617s ]
INFO: Run ShowRuntime Behavior [ RunTime:0.001081s ]
INFO: Run content_replace Behavior [ RunTime:0.001455s ]
INFO: [ view_filter ] --END-- [ RunTime:0.005200s ]
INFO: [ view_end ] --START--
INFO: Run ShowPageTrace Behavior [ RunTime:0.001079s ]
INFO: [ view_end ] --END-- [ RunTime:0.001172s ]

[ 2013-12-28T22:48:30+08:00 ] 127.0.0.1 /index.php/user/register
INFO: [ route_check ] --START--
INFO: Run CheckRoute Behavior [ RunTime:0.001993s ]
INFO: [ route_check ] --END-- [ RunTime:0.002460s ]
INFO: [ app_begin ] --START--
INFO: Run ReadHtmlCache Behavior [ RunTime:0.000702s ]
INFO: Run load_lang Behavior [ RunTime:0.001120s ]
INFO: [ app_begin ] --END-- [ RunTime:0.001935s ]
SQL: SHOW COLUMNS FROM `rhmessage` [ RunTime:0.002295s ]
SQL: SELECT COUNT(*) AS tp_count FROM `rhmessage` WHERE ( `touserid` = null ) AND ( `isread` = 0 ) AND ( `isinbox` = 0 ) LIMIT 1   [ RunTime:0.000308s ]
SQL: SHOW COLUMNS FROM `rhuser` [ RunTime:0.001685s ]
INFO: [ view_template ] --START--
INFO: Run LocationTemplate Behavior [ RunTime:0.000909s ]
INFO: [ view_template ] --END-- [ RunTime:0.000998s ]
INFO: [ view_parse ] --START--
NOTIC: [8] Use of undefined constant style - assumed 'style' D:\PHPWeb\data\runtime\Cache\home\d733c54d6daa8a68591516f08427601b.php 第 98 行.
NOTIC: [8] Use of undefined constant url - assumed 'url' D:\PHPWeb\data\runtime\Cache\home\d733c54d6daa8a68591516f08427601b.php 第 99 行.
NOTIC: [8] Use of undefined constant name - assumed 'name' D:\PHPWeb\data\runtime\Cache\home\d733c54d6daa8a68591516f08427601b.php 第 99 行.
NOTIC: [8] Use of undefined constant url - assumed 'url' D:\PHPWeb\data\runtime\Cache\home\d733c54d6daa8a68591516f08427601b.php 第 103 行.
NOTIC: [8] Use of undefined constant name - assumed 'name' D:\PHPWeb\data\runtime\Cache\home\d733c54d6daa8a68591516f08427601b.php 第 103 行.
NOTIC: [8] Use of undefined constant url - assumed 'url' D:\PHPWeb\data\runtime\Cache\home\d733c54d6daa8a68591516f08427601b.php 第 103 行.
NOTIC: [8] Use of undefined constant name - assumed 'name' D:\PHPWeb\data\runtime\Cache\home\d733c54d6daa8a68591516f08427601b.php 第 103 行.
NOTIC: [8] Use of undefined constant url - assumed 'url' D:\PHPWeb\data\runtime\Cache\home\d733c54d6daa8a68591516f08427601b.php 第 103 行.
NOTIC: [8] Use of undefined constant name - assumed 'name' D:\PHPWeb\data\runtime\Cache\home\d733c54d6daa8a68591516f08427601b.php 第 103 行.
NOTIC: [8] Undefined variable: fuserid D:\PHPWeb\data\runtime\Cache\home\d733c54d6daa8a68591516f08427601b.php 第 262 行.
INFO: Run ParseTemplate Behavior [ RunTime:0.026784s ]
INFO: [ view_parse ] --END-- [ RunTime:0.026885s ]
INFO: [ view_filter ] --START--
INFO: Run ContentReplace Behavior [ RunTime:0.001135s ]
INFO: Run TokenBuild Behavior [ RunTime:0.000945s ]
INFO: Run WriteHtmlCache Behavior [ RunTime:0.000710s ]
INFO: Run ShowRuntime Behavior [ RunTime:0.001222s ]
INFO: Run content_replace Behavior [ RunTime:0.001470s ]
INFO: [ view_filter ] --END-- [ RunTime:0.005796s ]
INFO: [ view_end ] --START--
INFO: Run ShowPageTrace Behavior [ RunTime:0.001233s ]
INFO: [ view_end ] --END-- [ RunTime:0.001327s ]

[ 2013-12-28T22:48:36+08:00 ] 127.0.0.1 /
INFO: [ app_begin ] --START--
INFO: Run ReadHtmlCache Behavior [ RunTime:0.001240s ]
INFO: Run load_lang Behavior [ RunTime:0.001137s ]
INFO: [ app_begin ] --END-- [ RunTime:0.002633s ]
SQL: SHOW COLUMNS FROM `rhmessage` [ RunTime:0.003626s ]
SQL: SELECT COUNT(*) AS tp_count FROM `rhmessage` WHERE ( `touserid` = null ) AND ( `isread` = 0 ) AND ( `isinbox` = 0 ) LIMIT 1   [ RunTime:0.000371s ]
SQL: SHOW COLUMNS FROM `rhgroup` [ RunTime:0.002819s ]
SQL: SHOW COLUMNS FROM `rhuser` [ RunTime:0.003112s ]
SQL: SHOW COLUMNS FROM `rhgroup_topics` [ RunTime:0.003058s ]
SQL: SHOW COLUMNS FROM `rharticle` [ RunTime:0.002265s ]
SQL: SELECT `groupid` FROM `rhgroup` WHERE ( `isshow` = 0 ) ORDER BY addtime desc LIMIT 10   [ RunTime:0.000354s ]
NOTIC: [8] Undefined variable: result D:\PHPWeb\app\Lib\Model\groupModel.class.php 第 26 行.
SQL: SELECT `userid`,`topicid`,`groupid`,`content`,`title` FROM `rhgroup_topics` WHERE ( `groupid` > 0 ) AND ( `isaudit` = 0 ) ORDER BY istop desc,addtime desc LIMIT 15   [ RunTime:0.000358s ]
NOTIC: [8] Undefined variable: result D:\PHPWeb\app\Lib\Model\group_topicsModel.class.php 第 50 行.
SQL: SELECT `userid` FROM `rhuser` WHERE ( `isenable` = 0 ) ORDER BY uptime desc LIMIT 12   [ RunTime:0.000276s ]
NOTIC: [2] Invalid argument supplied for foreach() D:\PHPWeb\app\Lib\Model\userModel.class.php 第 49 行.
NOTIC: [8] Undefined variable: result D:\PHPWeb\app\Lib\Model\userModel.class.php 第 52 行.
SQL: SHOW COLUMNS FROM `rharticle_item` [ RunTime:0.003291s ]
SQL: SELECT * FROM `rharticle_item` WHERE ( `isaudit` = 0 ) ORDER BY addtime desc LIMIT 8   [ RunTime:0.000465s ]
SQL: SELECT * FROM `rhgroup` WHERE ( `isrecommend` = 1 ) ORDER BY groupid asc LIMIT 10   [ RunTime:0.000411s ]
NOTIC: [8] Undefined variable: result D:\PHPWeb\app\Lib\Model\groupModel.class.php 第 127 行.
NOTIC: [2] Invalid argument supplied for foreach() D:\PHPWeb\app\Lib\Action\home\indexAction.class.php 第 27 行.
SQL: SELECT COUNT(*) AS tp_count FROM `rhuser` LIMIT 1   [ RunTime:0.000247s ]
NOTIC: [8] Undefined variable: arrRecommendGroup D:\PHPWeb\app\Lib\Action\home\indexAction.class.php 第 38 行.
INFO: [ view_template ] --START--
INFO: Run LocationTemplate Behavior [ RunTime:0.001330s ]
INFO: [ view_template ] --END-- [ RunTime:0.001466s ]
INFO: [ view_parse ] --START--
NOTIC: [8] Use of undefined constant userid - assumed 'userid' D:\PHPWeb\data\runtime\Cache\home\11e2f12d84b746b76491e3160c81a5b0.php 第 124 行.
INFO: Run ParseTemplate Behavior [ RunTime:0.051442s ]
INFO: [ view_parse ] --END-- [ RunTime:0.051607s ]
INFO: [ view_filter ] --START--
INFO: Run ContentReplace Behavior [ RunTime:0.000924s ]
INFO: Run TokenBuild Behavior [ RunTime:0.000884s ]
INFO: Run WriteHtmlCache Behavior [ RunTime:0.000798s ]
INFO: Run ShowRuntime Behavior [ RunTime:0.001318s ]
INFO: Run content_replace Behavior [ RunTime:0.001361s ]
INFO: [ view_filter ] --END-- [ RunTime:0.005751s ]
INFO: [ view_end ] --START--
INFO: Run ShowPageTrace Behavior [ RunTime:0.001302s ]
INFO: [ view_end ] --END-- [ RunTime:0.001422s ]

[ 2013-12-28T22:48:38+08:00 ] 127.0.0.1 /index.php/user/register
INFO: [ route_check ] --START--
INFO: Run CheckRoute Behavior [ RunTime:0.001521s ]
INFO: [ route_check ] --END-- [ RunTime:0.001660s ]
INFO: [ app_begin ] --START--
INFO: Run ReadHtmlCache Behavior [ RunTime:0.001038s ]
INFO: Run load_lang Behavior [ RunTime:0.001441s ]
INFO: [ app_begin ] --END-- [ RunTime:0.002636s ]
SQL: SHOW COLUMNS FROM `rhmessage` [ RunTime:0.002083s ]
SQL: SELECT COUNT(*) AS tp_count FROM `rhmessage` WHERE ( `touserid` = null ) AND ( `isread` = 0 ) AND ( `isinbox` = 0 ) LIMIT 1   [ RunTime:0.000314s ]
SQL: SHOW COLUMNS FROM `rhuser` [ RunTime:0.001943s ]
INFO: [ view_template ] --START--
INFO: Run LocationTemplate Behavior [ RunTime:0.000523s ]
INFO: [ view_template ] --END-- [ RunTime:0.000612s ]
INFO: [ view_parse ] --START--
NOTIC: [8] Use of undefined constant style - assumed 'style' D:\PHPWeb\data\runtime\Cache\home\d733c54d6daa8a68591516f08427601b.php 第 98 行.
NOTIC: [8] Use of undefined constant url - assumed 'url' D:\PHPWeb\data\runtime\Cache\home\d733c54d6daa8a68591516f08427601b.php 第 99 行.
NOTIC: [8] Use of undefined constant name - assumed 'name' D:\PHPWeb\data\runtime\Cache\home\d733c54d6daa8a68591516f08427601b.php 第 99 行.
NOTIC: [8] Use of undefined constant url - assumed 'url' D:\PHPWeb\data\runtime\Cache\home\d733c54d6daa8a68591516f08427601b.php 第 103 行.
NOTIC: [8] Use of undefined constant name - assumed 'name' D:\PHPWeb\data\runtime\Cache\home\d733c54d6daa8a68591516f08427601b.php 第 103 行.
NOTIC: [8] Use of undefined constant url - assumed 'url' D:\PHPWeb\data\runtime\Cache\home\d733c54d6daa8a68591516f08427601b.php 第 103 行.
NOTIC: [8] Use of undefined constant name - assumed 'name' D:\PHPWeb\data\runtime\Cache\home\d733c54d6daa8a68591516f08427601b.php 第 103 行.
NOTIC: [8] Use of undefined constant url - assumed 'url' D:\PHPWeb\data\runtime\Cache\home\d733c54d6daa8a68591516f08427601b.php 第 103 行.
NOTIC: [8] Use of undefined constant name - assumed 'name' D:\PHPWeb\data\runtime\Cache\home\d733c54d6daa8a68591516f08427601b.php 第 103 行.
NOTIC: [8] Undefined variable: fuserid D:\PHPWeb\data\runtime\Cache\home\d733c54d6daa8a68591516f08427601b.php 第 262 行.
INFO: Run ParseTemplate Behavior [ RunTime:0.023592s ]
INFO: [ view_parse ] --END-- [ RunTime:0.023682s ]
INFO: [ view_filter ] --START--
INFO: Run ContentReplace Behavior [ RunTime:0.000703s ]
INFO: Run TokenBuild Behavior [ RunTime:0.000554s ]
INFO: Run WriteHtmlCache Behavior [ RunTime:0.000443s ]
INFO: Run ShowRuntime Behavior [ RunTime:0.000775s ]
INFO: Run content_replace Behavior [ RunTime:0.000753s ]
INFO: [ view_filter ] --END-- [ RunTime:0.003483s ]
INFO: [ view_end ] --START--
INFO: Run ShowPageTrace Behavior [ RunTime:0.000810s ]
INFO: [ view_end ] --END-- [ RunTime:0.000885s ]

[ 2013-12-28T22:50:50+08:00 ] 127.0.0.1 /index.php/user/register
INFO: [ route_check ] --START--
INFO: Run CheckRoute Behavior [ RunTime:0.001430s ]
INFO: [ route_check ] --END-- [ RunTime:0.001547s ]
INFO: [ app_begin ] --START--
INFO: Run ReadHtmlCache Behavior [ RunTime:0.000943s ]
INFO: Run load_lang Behavior [ RunTime:0.001485s ]
INFO: [ app_begin ] --END-- [ RunTime:0.002579s ]
SQL: SHOW COLUMNS FROM `rhmessage` [ RunTime:0.001760s ]
SQL: SELECT COUNT(*) AS tp_count FROM `rhmessage` WHERE ( `touserid` = null ) AND ( `isread` = 0 ) AND ( `isinbox` = 0 ) LIMIT 1   [ RunTime:0.000285s ]
SQL: SHOW COLUMNS FROM `rhuser` [ RunTime:0.001879s ]
INFO: [ view_template ] --START--
INFO: Run LocationTemplate Behavior [ RunTime:0.001421s ]
INFO: [ view_template ] --END-- [ RunTime:0.001559s ]
INFO: [ view_parse ] --START--
NOTIC: [8] Use of undefined constant style - assumed 'style' D:\PHPWeb\data\runtime\Cache\home\d733c54d6daa8a68591516f08427601b.php 第 98 行.
NOTIC: [8] Use of undefined constant url - assumed 'url' D:\PHPWeb\data\runtime\Cache\home\d733c54d6daa8a68591516f08427601b.php 第 99 行.
NOTIC: [8] Use of undefined constant name - assumed 'name' D:\PHPWeb\data\runtime\Cache\home\d733c54d6daa8a68591516f08427601b.php 第 99 行.
NOTIC: [8] Use of undefined constant url - assumed 'url' D:\PHPWeb\data\runtime\Cache\home\d733c54d6daa8a68591516f08427601b.php 第 103 行.
NOTIC: [8] Use of undefined constant name - assumed 'name' D:\PHPWeb\data\runtime\Cache\home\d733c54d6daa8a68591516f08427601b.php 第 103 行.
NOTIC: [8] Use of undefined constant url - assumed 'url' D:\PHPWeb\data\runtime\Cache\home\d733c54d6daa8a68591516f08427601b.php 第 103 行.
NOTIC: [8] Use of undefined constant name - assumed 'name' D:\PHPWeb\data\runtime\Cache\home\d733c54d6daa8a68591516f08427601b.php 第 103 行.
NOTIC: [8] Use of undefined constant url - assumed 'url' D:\PHPWeb\data\runtime\Cache\home\d733c54d6daa8a68591516f08427601b.php 第 103 行.
NOTIC: [8] Use of undefined constant name - assumed 'name' D:\PHPWeb\data\runtime\Cache\home\d733c54d6daa8a68591516f08427601b.php 第 103 行.
NOTIC: [8] Undefined variable: fuserid D:\PHPWeb\data\runtime\Cache\home\d733c54d6daa8a68591516f08427601b.php 第 262 行.
INFO: Run ParseTemplate Behavior [ RunTime:0.029006s ]
INFO: [ view_parse ] --END-- [ RunTime:0.029116s ]
INFO: [ view_filter ] --START--
INFO: Run ContentReplace Behavior [ RunTime:0.000797s ]
INFO: Run TokenBuild Behavior [ RunTime:0.000748s ]
INFO: Run WriteHtmlCache Behavior [ RunTime:0.000618s ]
INFO: Run ShowRuntime Behavior [ RunTime:0.000974s ]
INFO: Run content_replace Behavior [ RunTime:0.001281s ]
INFO: [ view_filter ] --END-- [ RunTime:0.004705s ]
INFO: [ view_end ] --START--
INFO: Run ShowPageTrace Behavior [ RunTime:0.001012s ]
INFO: [ view_end ] --END-- [ RunTime:0.001096s ]

[ 2013-12-28T22:51:01+08:00 ] 127.0.0.1 /index.php/user/login
INFO: [ route_check ] --START--
INFO: Run CheckRoute Behavior [ RunTime:0.001185s ]
INFO: [ route_check ] --END-- [ RunTime:0.001309s ]
INFO: [ app_begin ] --START--
INFO: Run ReadHtmlCache Behavior [ RunTime:0.000759s ]
INFO: Run load_lang Behavior [ RunTime:0.001003s ]
INFO: [ app_begin ] --END-- [ RunTime:0.001895s ]
SQL: SHOW COLUMNS FROM `rhmessage` [ RunTime:0.002060s ]
SQL: SELECT COUNT(*) AS tp_count FROM `rhmessage` WHERE ( `touserid` = null ) AND ( `isread` = 0 ) AND ( `isinbox` = 0 ) LIMIT 1   [ RunTime:0.000317s ]
SQL: SHOW COLUMNS FROM `rhuser` [ RunTime:0.001889s ]
INFO: [ view_template ] --START--
INFO: Run LocationTemplate Behavior [ RunTime:0.000693s ]
INFO: [ view_template ] --END-- [ RunTime:0.000797s ]
INFO: [ view_parse ] --START--
NOTIC: [8] Use of undefined constant style - assumed 'style' D:\PHPWeb\data\runtime\Cache\home\14a3bc68ed09565d1766e471f64e8888.php 第 96 行.
NOTIC: [8] Use of undefined constant url - assumed 'url' D:\PHPWeb\data\runtime\Cache\home\14a3bc68ed09565d1766e471f64e8888.php 第 97 行.
NOTIC: [8] Use of undefined constant name - assumed 'name' D:\PHPWeb\data\runtime\Cache\home\14a3bc68ed09565d1766e471f64e8888.php 第 97 行.
NOTIC: [8] Use of undefined constant url - assumed 'url' D:\PHPWeb\data\runtime\Cache\home\14a3bc68ed09565d1766e471f64e8888.php 第 101 行.
NOTIC: [8] Use of undefined constant name - assumed 'name' D:\PHPWeb\data\runtime\Cache\home\14a3bc68ed09565d1766e471f64e8888.php 第 101 行.
NOTIC: [8] Use of undefined constant url - assumed 'url' D:\PHPWeb\data\runtime\Cache\home\14a3bc68ed09565d1766e471f64e8888.php 第 101 行.
NOTIC: [8] Use of undefined constant name - assumed 'name' D:\PHPWeb\data\runtime\Cache\home\14a3bc68ed09565d1766e471f64e8888.php 第 101 行.
NOTIC: [8] Use of undefined constant url - assumed 'url' D:\PHPWeb\data\runtime\Cache\home\14a3bc68ed09565d1766e471f64e8888.php 第 101 行.
NOTIC: [8] Use of undefined constant name - assumed 'name' D:\PHPWeb\data\runtime\Cache\home\14a3bc68ed09565d1766e471f64e8888.php 第 101 行.
INFO: Run ParseTemplate Behavior [ RunTime:0.017215s ]
INFO: [ view_parse ] --END-- [ RunTime:0.017296s ]
INFO: [ view_filter ] --START--
INFO: Run ContentReplace Behavior [ RunTime:0.000496s ]
INFO: Run TokenBuild Behavior [ RunTime:0.000463s ]
INFO: Run WriteHtmlCache Behavior [ RunTime:0.000353s ]
INFO: Run ShowRuntime Behavior [ RunTime:0.000638s ]
INFO: Run content_replace Behavior [ RunTime:0.000615s ]
INFO: [ view_filter ] --END-- [ RunTime:0.002780s ]
INFO: [ view_end ] --START--
INFO: Run ShowPageTrace Behavior [ RunTime:0.000686s ]
INFO: [ view_end ] --END-- [ RunTime:0.000750s ]

[ 2013-12-28T22:51:19+08:00 ] 127.0.0.1 /
INFO: [ app_begin ] --START--
INFO: Run ReadHtmlCache Behavior [ RunTime:0.000977s ]
INFO: Run load_lang Behavior [ RunTime:0.000917s ]
INFO: [ app_begin ] --END-- [ RunTime:0.002055s ]
SQL: SHOW COLUMNS FROM `rhmessage` [ RunTime:0.002471s ]
SQL: SELECT COUNT(*) AS tp_count FROM `rhmessage` WHERE ( `touserid` = null ) AND ( `isread` = 0 ) AND ( `isinbox` = 0 ) LIMIT 1   [ RunTime:0.000232s ]
SQL: SHOW COLUMNS FROM `rhgroup` [ RunTime:0.002006s ]
SQL: SHOW COLUMNS FROM `rhuser` [ RunTime:0.002656s ]
SQL: SHOW COLUMNS FROM `rhgroup_topics` [ RunTime:0.002566s ]
SQL: SHOW COLUMNS FROM `rharticle` [ RunTime:0.002437s ]
SQL: SELECT `groupid` FROM `rhgroup` WHERE ( `isshow` = 0 ) ORDER BY addtime desc LIMIT 10   [ RunTime:0.000233s ]
NOTIC: [8] Undefined variable: result D:\PHPWeb\app\Lib\Model\groupModel.class.php 第 26 行.
SQL: SELECT `userid`,`topicid`,`groupid`,`content`,`title` FROM `rhgroup_topics` WHERE ( `groupid` > 0 ) AND ( `isaudit` = 0 ) ORDER BY istop desc,addtime desc LIMIT 15   [ RunTime:0.000229s ]
NOTIC: [8] Undefined variable: result D:\PHPWeb\app\Lib\Model\group_topicsModel.class.php 第 50 行.
SQL: SELECT `userid` FROM `rhuser` WHERE ( `isenable` = 0 ) ORDER BY uptime desc LIMIT 12   [ RunTime:0.000174s ]
NOTIC: [2] Invalid argument supplied for foreach() D:\PHPWeb\app\Lib\Model\userModel.class.php 第 49 行.
NOTIC: [8] Undefined variable: result D:\PHPWeb\app\Lib\Model\userModel.class.php 第 52 行.
SQL: SHOW COLUMNS FROM `rharticle_item` [ RunTime:0.002328s ]
SQL: SELECT * FROM `rharticle_item` WHERE ( `isaudit` = 0 ) ORDER BY addtime desc LIMIT 8   [ RunTime:0.000745s ]
SQL: SELECT * FROM `rhgroup` WHERE ( `isrecommend` = 1 ) ORDER BY groupid asc LIMIT 10   [ RunTime:0.000396s ]
NOTIC: [8] Undefined variable: result D:\PHPWeb\app\Lib\Model\groupModel.class.php 第 127 行.
NOTIC: [2] Invalid argument supplied for foreach() D:\PHPWeb\app\Lib\Action\home\indexAction.class.php 第 27 行.
SQL: SELECT COUNT(*) AS tp_count FROM `rhuser` LIMIT 1   [ RunTime:0.000208s ]
NOTIC: [8] Undefined variable: arrRecommendGroup D:\PHPWeb\app\Lib\Action\home\indexAction.class.php 第 38 行.
INFO: [ view_template ] --START--
INFO: Run LocationTemplate Behavior [ RunTime:0.000906s ]
INFO: [ view_template ] --END-- [ RunTime:0.000999s ]
INFO: [ view_parse ] --START--
NOTIC: [8] Use of undefined constant userid - assumed 'userid' D:\PHPWeb\data\runtime\Cache\home\11e2f12d84b746b76491e3160c81a5b0.php 第 124 行.
INFO: Run ParseTemplate Behavior [ RunTime:0.030255s ]
INFO: [ view_parse ] --END-- [ RunTime:0.030373s ]
INFO: [ view_filter ] --START--
INFO: Run ContentReplace Behavior [ RunTime:0.000540s ]
INFO: Run TokenBuild Behavior [ RunTime:0.000513s ]
INFO: Run WriteHtmlCache Behavior [ RunTime:0.000373s ]
INFO: Run ShowRuntime Behavior [ RunTime:0.000674s ]
INFO: Run content_replace Behavior [ RunTime:0.000743s ]
INFO: [ view_filter ] --END-- [ RunTime:0.003069s ]
INFO: [ view_end ] --START--
INFO: Run ShowPageTrace Behavior [ RunTime:0.000707s ]
INFO: [ view_end ] --END-- [ RunTime:0.000773s ]

[ 2013-12-28T22:53:05+08:00 ] 127.0.0.1 /
INFO: [ app_begin ] --START--
INFO: Run ReadHtmlCache Behavior [ RunTime:0.003272s ]
INFO: Run load_lang Behavior [ RunTime:0.002922s ]
INFO: [ app_begin ] --END-- [ RunTime:0.006611s ]
SQL: SHOW COLUMNS FROM `rhmessage` [ RunTime:0.002026s ]
SQL: SELECT COUNT(*) AS tp_count FROM `rhmessage` WHERE ( `touserid` = null ) AND ( `isread` = 0 ) AND ( `isinbox` = 0 ) LIMIT 1   [ RunTime:0.000336s ]
SQL: SHOW COLUMNS FROM `rhgroup` [ RunTime:0.002703s ]
SQL: SHOW COLUMNS FROM `rhuser` [ RunTime:0.002806s ]
SQL: SHOW COLUMNS FROM `rhgroup_topics` [ RunTime:0.002214s ]
SQL: SHOW COLUMNS FROM `rharticle` [ RunTime:0.002131s ]
SQL: SELECT `groupid` FROM `rhgroup` WHERE ( `isshow` = 0 ) ORDER BY addtime desc LIMIT 10   [ RunTime:0.000318s ]
NOTIC: [8] Undefined variable: result D:\PHPWeb\app\Lib\Model\groupModel.class.php 第 26 行.
SQL: SELECT `userid`,`topicid`,`groupid`,`content`,`title` FROM `rhgroup_topics` WHERE ( `groupid` > 0 ) AND ( `isaudit` = 0 ) ORDER BY istop desc,addtime desc LIMIT 15   [ RunTime:0.000295s ]
NOTIC: [8] Undefined variable: result D:\PHPWeb\app\Lib\Model\group_topicsModel.class.php 第 50 行.
SQL: SELECT `userid` FROM `rhuser` WHERE ( `isenable` = 0 ) ORDER BY uptime desc LIMIT 12   [ RunTime:0.000314s ]
NOTIC: [2] Invalid argument supplied for foreach() D:\PHPWeb\app\Lib\Model\userModel.class.php 第 49 行.
NOTIC: [8] Undefined variable: result D:\PHPWeb\app\Lib\Model\userModel.class.php 第 52 行.
SQL: SHOW COLUMNS FROM `rharticle_item` [ RunTime:0.001783s ]
SQL: SELECT * FROM `rharticle_item` WHERE ( `isaudit` = 0 ) ORDER BY addtime desc LIMIT 8   [ RunTime:0.000347s ]
SQL: SELECT * FROM `rhgroup` WHERE ( `isrecommend` = 1 ) ORDER BY groupid asc LIMIT 10   [ RunTime:0.000381s ]
NOTIC: [8] Undefined variable: result D:\PHPWeb\app\Lib\Model\groupModel.class.php 第 127 行.
NOTIC: [2] Invalid argument supplied for foreach() D:\PHPWeb\app\Lib\Action\home\indexAction.class.php 第 27 行.
SQL: SELECT COUNT(*) AS tp_count FROM `rhuser` LIMIT 1   [ RunTime:0.000225s ]
NOTIC: [8] Undefined variable: arrRecommendGroup D:\PHPWeb\app\Lib\Action\home\indexAction.class.php 第 38 行.
INFO: [ view_template ] --START--
INFO: Run LocationTemplate Behavior [ RunTime:0.001762s ]
INFO: [ view_template ] --END-- [ RunTime:0.001927s ]
INFO: [ view_parse ] --START--
NOTIC: [8] Use of undefined constant userid - assumed 'userid' D:\PHPWeb\data\runtime\Cache\home\11e2f12d84b746b76491e3160c81a5b0.php 第 124 行.
INFO: Run ParseTemplate Behavior [ RunTime:0.051787s ]
INFO: [ view_parse ] --END-- [ RunTime:0.051959s ]
INFO: [ view_filter ] --START--
INFO: Run ContentReplace Behavior [ RunTime:0.001336s ]
INFO: Run TokenBuild Behavior [ RunTime:0.001275s ]
INFO: Run WriteHtmlCache Behavior [ RunTime:0.001110s ]
INFO: Run ShowRuntime Behavior [ RunTime:0.001757s ]
INFO: Run content_replace Behavior [ RunTime:0.001884s ]
INFO: [ view_filter ] --END-- [ RunTime:0.007776s ]
INFO: [ view_end ] --START--
INFO: Run ShowPageTrace Behavior [ RunTime:0.001301s ]
INFO: [ view_end ] --END-- [ RunTime:0.002249s ]

[ 2013-12-28T22:53:14+08:00 ] 127.0.0.1 /index.php/help/about
INFO: [ route_check ] --START--
INFO: Run CheckRoute Behavior [ RunTime:0.001978s ]
INFO: [ route_check ] --END-- [ RunTime:0.002133s ]
INFO: [ app_begin ] --START--
INFO: Run ReadHtmlCache Behavior [ RunTime:0.001286s ]
INFO: Run load_lang Behavior [ RunTime:0.001182s ]
INFO: [ app_begin ] --END-- [ RunTime:0.002654s ]
SQL: SHOW COLUMNS FROM `rhmessage` [ RunTime:0.002219s ]
SQL: SELECT COUNT(*) AS tp_count FROM `rhmessage` WHERE ( `touserid` = null ) AND ( `isread` = 0 ) AND ( `isinbox` = 0 ) LIMIT 1   [ RunTime:0.000346s ]
SQL: SHOW COLUMNS FROM `rhhome_info` [ RunTime:0.083801s ]
SQL: SHOW COLUMNS FROM `rhdowncount` [ RunTime:0.031007s ]
SQL: SELECT * FROM `rhhome_info` WHERE ( `infokey` = 'about' ) LIMIT 1   [ RunTime:0.010619s ]
INFO: [ view_template ] --START--
INFO: Run LocationTemplate Behavior [ RunTime:0.000822s ]
INFO: [ view_template ] --END-- [ RunTime:0.000908s ]
INFO: [ view_parse ] --START--
NOTIC: [8] Use of undefined constant style - assumed 'style' D:\PHPWeb\data\runtime\Cache\home\95fb656081c2fd5a16e087dcbf65d0f2.php 第 95 行.
NOTIC: [8] Use of undefined constant url - assumed 'url' D:\PHPWeb\data\runtime\Cache\home\95fb656081c2fd5a16e087dcbf65d0f2.php 第 96 行.
NOTIC: [8] Use of undefined constant name - assumed 'name' D:\PHPWeb\data\runtime\Cache\home\95fb656081c2fd5a16e087dcbf65d0f2.php 第 96 行.
NOTIC: [8] Use of undefined constant url - assumed 'url' D:\PHPWeb\data\runtime\Cache\home\95fb656081c2fd5a16e087dcbf65d0f2.php 第 100 行.
NOTIC: [8] Use of undefined constant name - assumed 'name' D:\PHPWeb\data\runtime\Cache\home\95fb656081c2fd5a16e087dcbf65d0f2.php 第 100 行.
NOTIC: [8] Use of undefined constant url - assumed 'url' D:\PHPWeb\data\runtime\Cache\home\95fb656081c2fd5a16e087dcbf65d0f2.php 第 100 行.
NOTIC: [8] Use of undefined constant name - assumed 'name' D:\PHPWeb\data\runtime\Cache\home\95fb656081c2fd5a16e087dcbf65d0f2.php 第 100 行.
NOTIC: [8] Use of undefined constant url - assumed 'url' D:\PHPWeb\data\runtime\Cache\home\95fb656081c2fd5a16e087dcbf65d0f2.php 第 100 行.
NOTIC: [8] Use of undefined constant name - assumed 'name' D:\PHPWeb\data\runtime\Cache\home\95fb656081c2fd5a16e087dcbf65d0f2.php 第 100 行.
NOTIC: [8] Use of undefined constant infocontent - assumed 'infocontent' D:\PHPWeb\data\runtime\Cache\home\95fb656081c2fd5a16e087dcbf65d0f2.php 第 127 行.
NOTIC: [8] Use of undefined constant url - assumed 'url' D:\PHPWeb\data\runtime\Cache\home\95fb656081c2fd5a16e087dcbf65d0f2.php 第 132 行.
NOTIC: [8] Use of undefined constant text - assumed 'text' D:\PHPWeb\data\runtime\Cache\home\95fb656081c2fd5a16e087dcbf65d0f2.php 第 132 行.
NOTIC: [8] Use of undefined constant url - assumed 'url' D:\PHPWeb\data\runtime\Cache\home\95fb656081c2fd5a16e087dcbf65d0f2.php 第 134 行.
NOTIC: [8] Use of undefined constant text - assumed 'text' D:\PHPWeb\data\runtime\Cache\home\95fb656081c2fd5a16e087dcbf65d0f2.php 第 134 行.
NOTIC: [8] Use of undefined constant url - assumed 'url' D:\PHPWeb\data\runtime\Cache\home\95fb656081c2fd5a16e087dcbf65d0f2.php 第 134 行.
NOTIC: [8] Use of undefined constant text - assumed 'text' D:\PHPWeb\data\runtime\Cache\home\95fb656081c2fd5a16e087dcbf65d0f2.php 第 134 行.
NOTIC: [8] Use of undefined constant url - assumed 'url' D:\PHPWeb\data\runtime\Cache\home\95fb656081c2fd5a16e087dcbf65d0f2.php 第 134 行.
NOTIC: [8] Use of undefined constant text - assumed 'text' D:\PHPWeb\data\runtime\Cache\home\95fb656081c2fd5a16e087dcbf65d0f2.php 第 134 行.
NOTIC: [8] Use of undefined constant url - assumed 'url' D:\PHPWeb\data\runtime\Cache\home\95fb656081c2fd5a16e087dcbf65d0f2.php 第 134 行.
NOTIC: [8] Use of undefined constant text - assumed 'text' D:\PHPWeb\data\runtime\Cache\home\95fb656081c2fd5a16e087dcbf65d0f2.php 第 134 行.
INFO: Run ParseTemplate Behavior [ RunTime:0.016874s ]
INFO: [ view_parse ] --END-- [ RunTime:0.016952s ]
INFO: [ view_filter ] --START--
INFO: Run ContentReplace Behavior [ RunTime:0.000507s ]
INFO: Run TokenBuild Behavior [ RunTime:0.000470s ]
INFO: Run WriteHtmlCache Behavior [ RunTime:0.000392s ]
INFO: Run ShowRuntime Behavior [ RunTime:0.000665s ]
INFO: Run content_replace Behavior [ RunTime:0.000718s ]
INFO: [ view_filter ] --END-- [ RunTime:0.002968s ]
INFO: [ view_end ] --START--
INFO: Run ShowPageTrace Behavior [ RunTime:0.000684s ]
INFO: [ view_end ] --END-- [ RunTime:0.000747s ]

[ 2013-12-28T22:53:25+08:00 ] 127.0.0.1 /index.php/help/contact
INFO: [ route_check ] --START--
INFO: Run CheckRoute Behavior [ RunTime:0.001304s ]
INFO: [ route_check ] --END-- [ RunTime:0.001430s ]
INFO: [ app_begin ] --START--
INFO: Run ReadHtmlCache Behavior [ RunTime:0.000787s ]
INFO: Run load_lang Behavior [ RunTime:0.001499s ]
INFO: [ app_begin ] --END-- [ RunTime:0.002465s ]
SQL: SHOW COLUMNS FROM `rhmessage` [ RunTime:0.001643s ]
SQL: SELECT COUNT(*) AS tp_count FROM `rhmessage` WHERE ( `touserid` = null ) AND ( `isread` = 0 ) AND ( `isinbox` = 0 ) LIMIT 1   [ RunTime:0.000458s ]
SQL: SHOW COLUMNS FROM `rhhome_info` [ RunTime:0.001606s ]
SQL: SHOW COLUMNS FROM `rhdowncount` [ RunTime:0.002003s ]
SQL: SELECT * FROM `rhhome_info` WHERE ( `infokey` = 'contact' ) LIMIT 1   [ RunTime:0.000340s ]
INFO: [ view_template ] --START--
INFO: Run LocationTemplate Behavior [ RunTime:0.000857s ]
INFO: [ view_template ] --END-- [ RunTime:0.001113s ]
INFO: [ view_parse ] --START--
NOTIC: [8] Use of undefined constant style - assumed 'style' D:\PHPWeb\data\runtime\Cache\home\95fb656081c2fd5a16e087dcbf65d0f2.php 第 95 行.
NOTIC: [8] Use of undefined constant url - assumed 'url' D:\PHPWeb\data\runtime\Cache\home\95fb656081c2fd5a16e087dcbf65d0f2.php 第 96 行.
NOTIC: [8] Use of undefined constant name - assumed 'name' D:\PHPWeb\data\runtime\Cache\home\95fb656081c2fd5a16e087dcbf65d0f2.php 第 96 行.
NOTIC: [8] Use of undefined constant url - assumed 'url' D:\PHPWeb\data\runtime\Cache\home\95fb656081c2fd5a16e087dcbf65d0f2.php 第 100 行.
NOTIC: [8] Use of undefined constant name - assumed 'name' D:\PHPWeb\data\runtime\Cache\home\95fb656081c2fd5a16e087dcbf65d0f2.php 第 100 行.
NOTIC: [8] Use of undefined constant url - assumed 'url' D:\PHPWeb\data\runtime\Cache\home\95fb656081c2fd5a16e087dcbf65d0f2.php 第 100 行.
NOTIC: [8] Use of undefined constant name - assumed 'name' D:\PHPWeb\data\runtime\Cache\home\95fb656081c2fd5a16e087dcbf65d0f2.php 第 100 行.
NOTIC: [8] Use of undefined constant url - assumed 'url' D:\PHPWeb\data\runtime\Cache\home\95fb656081c2fd5a16e087dcbf65d0f2.php 第 100 行.
NOTIC: [8] Use of undefined constant name - assumed 'name' D:\PHPWeb\data\runtime\Cache\home\95fb656081c2fd5a16e087dcbf65d0f2.php 第 100 行.
NOTIC: [8] Use of undefined constant infocontent - assumed 'infocontent' D:\PHPWeb\data\runtime\Cache\home\95fb656081c2fd5a16e087dcbf65d0f2.php 第 127 行.
NOTIC: [8] Use of undefined constant url - assumed 'url' D:\PHPWeb\data\runtime\Cache\home\95fb656081c2fd5a16e087dcbf65d0f2.php 第 134 行.
NOTIC: [8] Use of undefined constant text - assumed 'text' D:\PHPWeb\data\runtime\Cache\home\95fb656081c2fd5a16e087dcbf65d0f2.php 第 134 行.
NOTIC: [8] Use of undefined constant url - assumed 'url' D:\PHPWeb\data\runtime\Cache\home\95fb656081c2fd5a16e087dcbf65d0f2.php 第 132 行.
NOTIC: [8] Use of undefined constant text - assumed 'text' D:\PHPWeb\data\runtime\Cache\home\95fb656081c2fd5a16e087dcbf65d0f2.php 第 132 行.
NOTIC: [8] Use of undefined constant url - assumed 'url' D:\PHPWeb\data\runtime\Cache\home\95fb656081c2fd5a16e087dcbf65d0f2.php 第 134 行.
NOTIC: [8] Use of undefined constant text - assumed 'text' D:\PHPWeb\data\runtime\Cache\home\95fb656081c2fd5a16e087dcbf65d0f2.php 第 134 行.
NOTIC: [8] Use of undefined constant url - assumed 'url' D:\PHPWeb\data\runtime\Cache\home\95fb656081c2fd5a16e087dcbf65d0f2.php 第 134 行.
NOTIC: [8] Use of undefined constant text - assumed 'text' D:\PHPWeb\data\runtime\Cache\home\95fb656081c2fd5a16e087dcbf65d0f2.php 第 134 行.
NOTIC: [8] Use of undefined constant url - assumed 'url' D:\PHPWeb\data\runtime\Cache\home\95fb656081c2fd5a16e087dcbf65d0f2.php 第 134 行.
NOTIC: [8] Use of undefined constant text - assumed 'text' D:\PHPWeb\data\runtime\Cache\home\95fb656081c2fd5a16e087dcbf65d0f2.php 第 134 行.
INFO: Run ParseTemplate Behavior [ RunTime:0.032658s ]
INFO: [ view_parse ] --END-- [ RunTime:0.032744s ]
INFO: [ view_filter ] --START--
INFO: Run ContentReplace Behavior [ RunTime:0.000614s ]
INFO: Run TokenBuild Behavior [ RunTime:0.000597s ]
INFO: Run WriteHtmlCache Behavior [ RunTime:0.000433s ]
INFO: Run ShowRuntime Behavior [ RunTime:0.001082s ]
INFO: Run content_replace Behavior [ RunTime:0.001011s ]
INFO: [ view_filter ] --END-- [ RunTime:0.004020s ]
INFO: [ view_end ] --START--
INFO: Run ShowPageTrace Behavior [ RunTime:0.000807s ]
INFO: [ view_end ] --END-- [ RunTime:0.000877s ]

[ 2013-12-28T22:53:31+08:00 ] 127.0.0.1 /index.php/help/agreement
INFO: [ route_check ] --START--
INFO: Run CheckRoute Behavior [ RunTime:0.001037s ]
INFO: [ route_check ] --END-- [ RunTime:0.001150s ]
INFO: [ app_begin ] --START--
INFO: Run ReadHtmlCache Behavior [ RunTime:0.000884s ]
INFO: Run load_lang Behavior [ RunTime:0.000635s ]
INFO: [ app_begin ] --END-- [ RunTime:0.001664s ]
SQL: SHOW COLUMNS FROM `rhmessage` [ RunTime:0.001733s ]
SQL: SELECT COUNT(*) AS tp_count FROM `rhmessage` WHERE ( `touserid` = null ) AND ( `isread` = 0 ) AND ( `isinbox` = 0 ) LIMIT 1   [ RunTime:0.000284s ]
SQL: SHOW COLUMNS FROM `rhhome_info` [ RunTime:0.001080s ]
SQL: SHOW COLUMNS FROM `rhdowncount` [ RunTime:0.001339s ]
SQL: SELECT * FROM `rhhome_info` WHERE ( `infokey` = 'agreement' ) LIMIT 1   [ RunTime:0.000377s ]
INFO: [ view_template ] --START--
INFO: Run LocationTemplate Behavior [ RunTime:0.000687s ]
INFO: [ view_template ] --END-- [ RunTime:0.000779s ]
INFO: [ view_parse ] --START--
NOTIC: [8] Use of undefined constant style - assumed 'style' D:\PHPWeb\data\runtime\Cache\home\95fb656081c2fd5a16e087dcbf65d0f2.php 第 95 行.
NOTIC: [8] Use of undefined constant url - assumed 'url' D:\PHPWeb\data\runtime\Cache\home\95fb656081c2fd5a16e087dcbf65d0f2.php 第 96 行.
NOTIC: [8] Use of undefined constant name - assumed 'name' D:\PHPWeb\data\runtime\Cache\home\95fb656081c2fd5a16e087dcbf65d0f2.php 第 96 行.
NOTIC: [8] Use of undefined constant url - assumed 'url' D:\PHPWeb\data\runtime\Cache\home\95fb656081c2fd5a16e087dcbf65d0f2.php 第 100 行.
NOTIC: [8] Use of undefined constant name - assumed 'name' D:\PHPWeb\data\runtime\Cache\home\95fb656081c2fd5a16e087dcbf65d0f2.php 第 100 行.
NOTIC: [8] Use of undefined constant url - assumed 'url' D:\PHPWeb\data\runtime\Cache\home\95fb656081c2fd5a16e087dcbf65d0f2.php 第 100 行.
NOTIC: [8] Use of undefined constant name - assumed 'name' D:\PHPWeb\data\runtime\Cache\home\95fb656081c2fd5a16e087dcbf65d0f2.php 第 100 行.
NOTIC: [8] Use of undefined constant url - assumed 'url' D:\PHPWeb\data\runtime\Cache\home\95fb656081c2fd5a16e087dcbf65d0f2.php 第 100 行.
NOTIC: [8] Use of undefined constant name - assumed 'name' D:\PHPWeb\data\runtime\Cache\home\95fb656081c2fd5a16e087dcbf65d0f2.php 第 100 行.
NOTIC: [8] Use of undefined constant infocontent - assumed 'infocontent' D:\PHPWeb\data\runtime\Cache\home\95fb656081c2fd5a16e087dcbf65d0f2.php 第 127 行.
NOTIC: [8] Use of undefined constant url - assumed 'url' D:\PHPWeb\data\runtime\Cache\home\95fb656081c2fd5a16e087dcbf65d0f2.php 第 134 行.
NOTIC: [8] Use of undefined constant text - assumed 'text' D:\PHPWeb\data\runtime\Cache\home\95fb656081c2fd5a16e087dcbf65d0f2.php 第 134 行.
NOTIC: [8] Use of undefined constant url - assumed 'url' D:\PHPWeb\data\runtime\Cache\home\95fb656081c2fd5a16e087dcbf65d0f2.php 第 134 行.
NOTIC: [8] Use of undefined constant text - assumed 'text' D:\PHPWeb\data\runtime\Cache\home\95fb656081c2fd5a16e087dcbf65d0f2.php 第 134 行.
NOTIC: [8] Use of undefined constant url - assumed 'url' D:\PHPWeb\data\runtime\Cache\home\95fb656081c2fd5a16e087dcbf65d0f2.php 第 132 行.
NOTIC: [8] Use of undefined constant text - assumed 'text' D:\PHPWeb\data\runtime\Cache\home\95fb656081c2fd5a16e087dcbf65d0f2.php 第 132 行.
NOTIC: [8] Use of undefined constant url - assumed 'url' D:\PHPWeb\data\runtime\Cache\home\95fb656081c2fd5a16e087dcbf65d0f2.php 第 134 行.
NOTIC: [8] Use of undefined constant text - assumed 'text' D:\PHPWeb\data\runtime\Cache\home\95fb656081c2fd5a16e087dcbf65d0f2.php 第 134 行.
NOTIC: [8] Use of undefined constant url - assumed 'url' D:\PHPWeb\data\runtime\Cache\home\95fb656081c2fd5a16e087dcbf65d0f2.php 第 134 行.
NOTIC: [8] Use of undefined constant text - assumed 'text' D:\PHPWeb\data\runtime\Cache\home\95fb656081c2fd5a16e087dcbf65d0f2.php 第 134 行.
INFO: Run ParseTemplate Behavior [ RunTime:0.022826s ]
INFO: [ view_parse ] --END-- [ RunTime:0.022913s ]
INFO: [ view_filter ] --START--
INFO: Run ContentReplace Behavior [ RunTime:0.000637s ]
INFO: Run TokenBuild Behavior [ RunTime:0.000517s ]
INFO: Run WriteHtmlCache Behavior [ RunTime:0.000394s ]
INFO: Run ShowRuntime Behavior [ RunTime:0.000712s ]
INFO: Run content_replace Behavior [ RunTime:0.000694s ]
INFO: [ view_filter ] --END-- [ RunTime:0.003193s ]
INFO: [ view_end ] --START--
INFO: Run ShowPageTrace Behavior [ RunTime:0.000764s ]
INFO: [ view_end ] --END-- [ RunTime:0.000833s ]

[ 2013-12-28T22:53:34+08:00 ] 127.0.0.1 /index.php/help/privacy
INFO: [ route_check ] --START--
INFO: Run CheckRoute Behavior [ RunTime:0.001411s ]
INFO: [ route_check ] --END-- [ RunTime:0.001547s ]
INFO: [ app_begin ] --START--
INFO: Run ReadHtmlCache Behavior [ RunTime:0.000995s ]
INFO: Run load_lang Behavior [ RunTime:0.000896s ]
INFO: [ app_begin ] --END-- [ RunTime:0.002050s ]
SQL: SHOW COLUMNS FROM `rhmessage` [ RunTime:0.001530s ]
SQL: SELECT COUNT(*) AS tp_count FROM `rhmessage` WHERE ( `touserid` = null ) AND ( `isread` = 0 ) AND ( `isinbox` = 0 ) LIMIT 1   [ RunTime:0.000310s ]
SQL: SHOW COLUMNS FROM `rhhome_info` [ RunTime:0.001717s ]
SQL: SHOW COLUMNS FROM `rhdowncount` [ RunTime:0.001504s ]
SQL: SELECT * FROM `rhhome_info` WHERE ( `infokey` = 'privacy' ) LIMIT 1   [ RunTime:0.000334s ]
INFO: [ view_template ] --START--
INFO: Run LocationTemplate Behavior [ RunTime:0.000651s ]
INFO: [ view_template ] --END-- [ RunTime:0.000737s ]
INFO: [ view_parse ] --START--
NOTIC: [8] Use of undefined constant style - assumed 'style' D:\PHPWeb\data\runtime\Cache\home\95fb656081c2fd5a16e087dcbf65d0f2.php 第 95 行.
NOTIC: [8] Use of undefined constant url - assumed 'url' D:\PHPWeb\data\runtime\Cache\home\95fb656081c2fd5a16e087dcbf65d0f2.php 第 96 行.
NOTIC: [8] Use of undefined constant name - assumed 'name' D:\PHPWeb\data\runtime\Cache\home\95fb656081c2fd5a16e087dcbf65d0f2.php 第 96 行.
NOTIC: [8] Use of undefined constant url - assumed 'url' D:\PHPWeb\data\runtime\Cache\home\95fb656081c2fd5a16e087dcbf65d0f2.php 第 100 行.
NOTIC: [8] Use of undefined constant name - assumed 'name' D:\PHPWeb\data\runtime\Cache\home\95fb656081c2fd5a16e087dcbf65d0f2.php 第 100 行.
NOTIC: [8] Use of undefined constant url - assumed 'url' D:\PHPWeb\data\runtime\Cache\home\95fb656081c2fd5a16e087dcbf65d0f2.php 第 100 行.
NOTIC: [8] Use of undefined constant name - assumed 'name' D:\PHPWeb\data\runtime\Cache\home\95fb656081c2fd5a16e087dcbf65d0f2.php 第 100 行.
NOTIC: [8] Use of undefined constant url - assumed 'url' D:\PHPWeb\data\runtime\Cache\home\95fb656081c2fd5a16e087dcbf65d0f2.php 第 100 行.
NOTIC: [8] Use of undefined constant name - assumed 'name' D:\PHPWeb\data\runtime\Cache\home\95fb656081c2fd5a16e087dcbf65d0f2.php 第 100 行.
NOTIC: [8] Use of undefined constant infocontent - assumed 'infocontent' D:\PHPWeb\data\runtime\Cache\home\95fb656081c2fd5a16e087dcbf65d0f2.php 第 127 行.
NOTIC: [8] Use of undefined constant url - assumed 'url' D:\PHPWeb\data\runtime\Cache\home\95fb656081c2fd5a16e087dcbf65d0f2.php 第 134 行.
NOTIC: [8] Use of undefined constant text - assumed 'text' D:\PHPWeb\data\runtime\Cache\home\95fb656081c2fd5a16e087dcbf65d0f2.php 第 134 行.
NOTIC: [8] Use of undefined constant url - assumed 'url' D:\PHPWeb\data\runtime\Cache\home\95fb656081c2fd5a16e087dcbf65d0f2.php 第 134 行.
NOTIC: [8] Use of undefined constant text - assumed 'text' D:\PHPWeb\data\runtime\Cache\home\95fb656081c2fd5a16e087dcbf65d0f2.php 第 134 行.
NOTIC: [8] Use of undefined constant url - assumed 'url' D:\PHPWeb\data\runtime\Cache\home\95fb656081c2fd5a16e087dcbf65d0f2.php 第 134 行.
NOTIC: [8] Use of undefined constant text - assumed 'text' D:\PHPWeb\data\runtime\Cache\home\95fb656081c2fd5a16e087dcbf65d0f2.php 第 134 行.
NOTIC: [8] Use of undefined constant url - assumed 'url' D:\PHPWeb\data\runtime\Cache\home\95fb656081c2fd5a16e087dcbf65d0f2.php 第 132 行.
NOTIC: [8] Use of undefined constant text - assumed 'text' D:\PHPWeb\data\runtime\Cache\home\95fb656081c2fd5a16e087dcbf65d0f2.php 第 132 行.
NOTIC: [8] Use of undefined constant url - assumed 'url' D:\PHPWeb\data\runtime\Cache\home\95fb656081c2fd5a16e087dcbf65d0f2.php 第 134 行.
NOTIC: [8] Use of undefined constant text - assumed 'text' D:\PHPWeb\data\runtime\Cache\home\95fb656081c2fd5a16e087dcbf65d0f2.php 第 134 行.
INFO: Run ParseTemplate Behavior [ RunTime:0.022058s ]
INFO: [ view_parse ] --END-- [ RunTime:0.022155s ]
INFO: [ view_filter ] --START--
INFO: Run ContentReplace Behavior [ RunTime:0.000900s ]
INFO: Run TokenBuild Behavior [ RunTime:0.000857s ]
INFO: Run WriteHtmlCache Behavior [ RunTime:0.000650s ]
INFO: Run ShowRuntime Behavior [ RunTime:0.001308s ]
INFO: Run content_replace Behavior [ RunTime:0.000922s ]
INFO: [ view_filter ] --END-- [ RunTime:0.004955s ]
INFO: [ view_end ] --START--
INFO: Run ShowPageTrace Behavior [ RunTime:0.000705s ]
INFO: [ view_end ] --END-- [ RunTime:0.000767s ]

[ 2013-12-28T22:53:51+08:00 ] 127.0.0.1 /index.php/group/explore
INFO: [ route_check ] --START--
INFO: Run CheckRoute Behavior [ RunTime:0.001257s ]
INFO: [ route_check ] --END-- [ RunTime:0.001394s ]
INFO: [ app_begin ] --START--
INFO: Run ReadHtmlCache Behavior [ RunTime:0.000634s ]
INFO: Run load_lang Behavior [ RunTime:0.000602s ]
INFO: [ app_begin ] --END-- [ RunTime:0.001350s ]
NOTIC: [2048] Declaration of groupAction::show() should be compatible with that of Action::show() D:\PHPWeb\app\Lib\Action\home\groupAction.class.php 第 6 行.
SQL: SHOW COLUMNS FROM `rhmessage` [ RunTime:0.001902s ]
SQL: SELECT COUNT(*) AS tp_count FROM `rhmessage` WHERE ( `touserid` = null ) AND ( `isread` = 0 ) AND ( `isinbox` = 0 ) LIMIT 1   [ RunTime:0.000326s ]
SQL: SHOW COLUMNS FROM `rhgroup` [ RunTime:0.001870s ]
SQL: SHOW COLUMNS FROM `rhuser` [ RunTime:0.001645s ]
SQL: SHOW COLUMNS FROM `rhgroup_users` [ RunTime:0.001514s ]
SQL: SHOW COLUMNS FROM `rhgroup_topics` [ RunTime:0.001669s ]
SQL: SHOW COLUMNS FROM `rhgroup_topics_collects` [ RunTime:0.001428s ]
SQL: SHOW COLUMNS FROM `rhgroup_topics_comments` [ RunTime:0.001499s ]
SQL: SELECT COUNT(groupid) AS tp_count FROM `rhgroup` WHERE ( `isaudit` = 0 ) ORDER BY isrecommend DESC LIMIT 1   [ RunTime:0.000211s ]
SQL: SELECT * FROM `rhgroup` WHERE ( `isaudit` = 0 ) ORDER BY isrecommend DESC LIMIT 0,20   [ RunTime:0.000248s ]
NOTIC: [2] Invalid argument supplied for foreach() D:\PHPWeb\app\Lib\Action\home\groupAction.class.php 第 610 行.
NOTIC: [8] Undefined variable: arrData D:\PHPWeb\app\Lib\Action\home\groupAction.class.php 第 613 行.
NOTIC: [2] Invalid argument supplied for foreach() D:\PHPWeb\app\Lib\Action\home\groupAction.class.php 第 613 行.
NOTIC: [8] Undefined variable: exploreGroup D:\PHPWeb\app\Lib\Action\home\groupAction.class.php 第 620 行.
INFO: [ view_template ] --START--
INFO: Run LocationTemplate Behavior [ RunTime:0.000633s ]
INFO: [ view_template ] --END-- [ RunTime:0.000707s ]
INFO: [ view_parse ] --START--
NOTIC: [8] Use of undefined constant style - assumed 'style' D:\PHPWeb\data\runtime\Cache\home\2c6bc4f3911c590226a76d82ec887b72.php 第 95 行.
NOTIC: [8] Use of undefined constant url - assumed 'url' D:\PHPWeb\data\runtime\Cache\home\2c6bc4f3911c590226a76d82ec887b72.php 第 96 行.
NOTIC: [8] Use of undefined constant name - assumed 'name' D:\PHPWeb\data\runtime\Cache\home\2c6bc4f3911c590226a76d82ec887b72.php 第 96 行.
NOTIC: [8] Use of undefined constant url - assumed 'url' D:\PHPWeb\data\runtime\Cache\home\2c6bc4f3911c590226a76d82ec887b72.php 第 100 行.
NOTIC: [8] Use of undefined constant name - assumed 'name' D:\PHPWeb\data\runtime\Cache\home\2c6bc4f3911c590226a76d82ec887b72.php 第 100 行.
NOTIC: [8] Use of undefined constant url - assumed 'url' D:\PHPWeb\data\runtime\Cache\home\2c6bc4f3911c590226a76d82ec887b72.php 第 100 行.
NOTIC: [8] Use of undefined constant name - assumed 'name' D:\PHPWeb\data\runtime\Cache\home\2c6bc4f3911c590226a76d82ec887b72.php 第 100 行.
NOTIC: [8] Use of undefined constant url - assumed 'url' D:\PHPWeb\data\runtime\Cache\home\2c6bc4f3911c590226a76d82ec887b72.php 第 100 行.
NOTIC: [8] Use of undefined constant name - assumed 'name' D:\PHPWeb\data\runtime\Cache\home\2c6bc4f3911c590226a76d82ec887b72.php 第 100 行.
INFO: Run ParseTemplate Behavior [ RunTime:0.031296s ]
INFO: [ view_parse ] --END-- [ RunTime:0.031382s ]
INFO: [ view_filter ] --START--
INFO: Run ContentReplace Behavior [ RunTime:0.000586s ]
INFO: Run TokenBuild Behavior [ RunTime:0.000473s ]
INFO: Run WriteHtmlCache Behavior [ RunTime:0.000356s ]
INFO: Run ShowRuntime Behavior [ RunTime:0.000652s ]
INFO: Run content_replace Behavior [ RunTime:0.000832s ]
INFO: [ view_filter ] --END-- [ RunTime:0.003117s ]
INFO: [ view_end ] --START--
INFO: Run ShowPageTrace Behavior [ RunTime:0.000667s ]
INFO: [ view_end ] --END-- [ RunTime:0.000730s ]

[ 2013-12-28T22:56:38+08:00 ] 127.0.0.1 /index.php/group/explore
INFO: [ route_check ] --START--
INFO: Run CheckRoute Behavior [ RunTime:0.001433s ]
INFO: [ route_check ] --END-- [ RunTime:0.001593s ]
INFO: [ app_begin ] --START--
INFO: Run ReadHtmlCache Behavior [ RunTime:0.000668s ]
INFO: Run load_lang Behavior [ RunTime:0.000606s ]
INFO: [ app_begin ] --END-- [ RunTime:0.001386s ]
NOTIC: [2048] Declaration of groupAction::show() should be compatible with that of Action::show() D:\PHPWeb\app\Lib\Action\home\groupAction.class.php 第 6 行.
SQL: SHOW COLUMNS FROM `rhmessage` [ RunTime:0.001818s ]
SQL: SELECT COUNT(*) AS tp_count FROM `rhmessage` WHERE ( `touserid` = null ) AND ( `isread` = 0 ) AND ( `isinbox` = 0 ) LIMIT 1   [ RunTime:0.000229s ]
SQL: SHOW COLUMNS FROM `rhgroup` [ RunTime:0.002326s ]
SQL: SHOW COLUMNS FROM `rhuser` [ RunTime:0.001662s ]
SQL: SHOW COLUMNS FROM `rhgroup_users` [ RunTime:0.001487s ]
SQL: SHOW COLUMNS FROM `rhgroup_topics` [ RunTime:0.001542s ]
SQL: SHOW COLUMNS FROM `rhgroup_topics_collects` [ RunTime:0.001076s ]
SQL: SHOW COLUMNS FROM `rhgroup_topics_comments` [ RunTime:0.001146s ]
SQL: SELECT COUNT(groupid) AS tp_count FROM `rhgroup` WHERE ( `isaudit` = 0 ) ORDER BY isrecommend DESC LIMIT 1   [ RunTime:0.000679s ]
SQL: SELECT * FROM `rhgroup` WHERE ( `isaudit` = 0 ) ORDER BY isrecommend DESC LIMIT 0,20   [ RunTime:0.000434s ]
NOTIC: [2] Invalid argument supplied for foreach() D:\PHPWeb\app\Lib\Action\home\groupAction.class.php 第 610 行.
NOTIC: [8] Undefined variable: arrData D:\PHPWeb\app\Lib\Action\home\groupAction.class.php 第 613 行.
NOTIC: [2] Invalid argument supplied for foreach() D:\PHPWeb\app\Lib\Action\home\groupAction.class.php 第 613 行.
NOTIC: [8] Undefined variable: exploreGroup D:\PHPWeb\app\Lib\Action\home\groupAction.class.php 第 620 行.
INFO: [ view_template ] --START--
INFO: Run LocationTemplate Behavior [ RunTime:0.000633s ]
INFO: [ view_template ] --END-- [ RunTime:0.000707s ]
INFO: [ view_parse ] --START--
NOTIC: [8] Use of undefined constant style - assumed 'style' D:\PHPWeb\data\runtime\Cache\home\2c6bc4f3911c590226a76d82ec887b72.php 第 95 行.
NOTIC: [8] Use of undefined constant url - assumed 'url' D:\PHPWeb\data\runtime\Cache\home\2c6bc4f3911c590226a76d82ec887b72.php 第 96 行.
NOTIC: [8] Use of undefined constant name - assumed 'name' D:\PHPWeb\data\runtime\Cache\home\2c6bc4f3911c590226a76d82ec887b72.php 第 96 行.
NOTIC: [8] Use of undefined constant url - assumed 'url' D:\PHPWeb\data\runtime\Cache\home\2c6bc4f3911c590226a76d82ec887b72.php 第 100 行.
NOTIC: [8] Use of undefined constant name - assumed 'name' D:\PHPWeb\data\runtime\Cache\home\2c6bc4f3911c590226a76d82ec887b72.php 第 100 行.
NOTIC: [8] Use of undefined constant url - assumed 'url' D:\PHPWeb\data\runtime\Cache\home\2c6bc4f3911c590226a76d82ec887b72.php 第 100 行.
NOTIC: [8] Use of undefined constant name - assumed 'name' D:\PHPWeb\data\runtime\Cache\home\2c6bc4f3911c590226a76d82ec887b72.php 第 100 行.
NOTIC: [8] Use of undefined constant url - assumed 'url' D:\PHPWeb\data\runtime\Cache\home\2c6bc4f3911c590226a76d82ec887b72.php 第 100 行.
NOTIC: [8] Use of undefined constant name - assumed 'name' D:\PHPWeb\data\runtime\Cache\home\2c6bc4f3911c590226a76d82ec887b72.php 第 100 行.
INFO: Run ParseTemplate Behavior [ RunTime:0.038599s ]
INFO: [ view_parse ] --END-- [ RunTime:0.038683s ]
INFO: [ view_filter ] --START--
INFO: Run ContentReplace Behavior [ RunTime:0.000622s ]
INFO: Run TokenBuild Behavior [ RunTime:0.000474s ]
INFO: Run WriteHtmlCache Behavior [ RunTime:0.000356s ]
INFO: Run ShowRuntime Behavior [ RunTime:0.000655s ]
INFO: Run content_replace Behavior [ RunTime:0.000647s ]
INFO: [ view_filter ] --END-- [ RunTime:0.002971s ]
INFO: [ view_end ] --START--
INFO: Run ShowPageTrace Behavior [ RunTime:0.000830s ]
INFO: [ view_end ] --END-- [ RunTime:0.000971s ]

[ 2013-12-28T22:57:37+08:00 ] 127.0.0.1 /index.php/group/explore
INFO: [ route_check ] --START--
INFO: Run CheckRoute Behavior [ RunTime:0.001329s ]
INFO: [ route_check ] --END-- [ RunTime:0.001465s ]
INFO: [ app_begin ] --START--
INFO: Run ReadHtmlCache Behavior [ RunTime:0.001035s ]
INFO: Run load_lang Behavior [ RunTime:0.001042s ]
INFO: [ app_begin ] --END-- [ RunTime:0.002266s ]
NOTIC: [2048] Declaration of groupAction::show() should be compatible with that of Action::show() D:\PHPWeb\app\Lib\Action\home\groupAction.class.php 第 6 行.
SQL: SHOW COLUMNS FROM `rhmessage` [ RunTime:0.002145s ]
SQL: SELECT COUNT(*) AS tp_count FROM `rhmessage` WHERE ( `touserid` = null ) AND ( `isread` = 0 ) AND ( `isinbox` = 0 ) LIMIT 1   [ RunTime:0.000274s ]
SQL: SHOW COLUMNS FROM `rhgroup` [ RunTime:0.002152s ]
SQL: SHOW COLUMNS FROM `rhuser` [ RunTime:0.002372s ]
SQL: SHOW COLUMNS FROM `rhgroup_users` [ RunTime:0.001477s ]
SQL: SHOW COLUMNS FROM `rhgroup_topics` [ RunTime:0.002029s ]
SQL: SHOW COLUMNS FROM `rhgroup_topics_collects` [ RunTime:0.001348s ]
SQL: SHOW COLUMNS FROM `rhgroup_topics_comments` [ RunTime:0.001304s ]
SQL: SELECT COUNT(groupid) AS tp_count FROM `rhgroup` WHERE ( `isaudit` = 0 ) ORDER BY isrecommend DESC LIMIT 1   [ RunTime:0.000229s ]
SQL: SELECT * FROM `rhgroup` WHERE ( `isaudit` = 0 ) ORDER BY isrecommend DESC LIMIT 0,20   [ RunTime:0.000313s ]
NOTIC: [2] Invalid argument supplied for foreach() D:\PHPWeb\app\Lib\Action\home\groupAction.class.php 第 610 行.
NOTIC: [8] Undefined variable: arrData D:\PHPWeb\app\Lib\Action\home\groupAction.class.php 第 613 行.
NOTIC: [2] Invalid argument supplied for foreach() D:\PHPWeb\app\Lib\Action\home\groupAction.class.php 第 613 行.
NOTIC: [8] Undefined variable: exploreGroup D:\PHPWeb\app\Lib\Action\home\groupAction.class.php 第 620 行.
INFO: [ view_template ] --START--
INFO: Run LocationTemplate Behavior [ RunTime:0.000514s ]
INFO: [ view_template ] --END-- [ RunTime:0.000586s ]
INFO: [ view_parse ] --START--
NOTIC: [8] Use of undefined constant style - assumed 'style' D:\PHPWeb\data\runtime\Cache\home\2c6bc4f3911c590226a76d82ec887b72.php 第 95 行.
NOTIC: [8] Use of undefined constant url - assumed 'url' D:\PHPWeb\data\runtime\Cache\home\2c6bc4f3911c590226a76d82ec887b72.php 第 96 行.
NOTIC: [8] Use of undefined constant name - assumed 'name' D:\PHPWeb\data\runtime\Cache\home\2c6bc4f3911c590226a76d82ec887b72.php 第 96 行.
NOTIC: [8] Use of undefined constant url - assumed 'url' D:\PHPWeb\data\runtime\Cache\home\2c6bc4f3911c590226a76d82ec887b72.php 第 100 行.
NOTIC: [8] Use of undefined constant name - assumed 'name' D:\PHPWeb\data\runtime\Cache\home\2c6bc4f3911c590226a76d82ec887b72.php 第 100 行.
NOTIC: [8] Use of undefined constant url - assumed 'url' D:\PHPWeb\data\runtime\Cache\home\2c6bc4f3911c590226a76d82ec887b72.php 第 100 行.
NOTIC: [8] Use of undefined constant name - assumed 'name' D:\PHPWeb\data\runtime\Cache\home\2c6bc4f3911c590226a76d82ec887b72.php 第 100 行.
NOTIC: [8] Use of undefined constant url - assumed 'url' D:\PHPWeb\data\runtime\Cache\home\2c6bc4f3911c590226a76d82ec887b72.php 第 100 行.
NOTIC: [8] Use of undefined constant name - assumed 'name' D:\PHPWeb\data\runtime\Cache\home\2c6bc4f3911c590226a76d82ec887b72.php 第 100 行.
INFO: Run ParseTemplate Behavior [ RunTime:0.035933s ]
INFO: [ view_parse ] --END-- [ RunTime:0.036070s ]
INFO: [ view_filter ] --START--
INFO: Run ContentReplace Behavior [ RunTime:0.000924s ]
INFO: Run TokenBuild Behavior [ RunTime:0.000476s ]
INFO: Run WriteHtmlCache Behavior [ RunTime:0.000357s ]
INFO: Run ShowRuntime Behavior [ RunTime:0.000656s ]
INFO: Run content_replace Behavior [ RunTime:0.000656s ]
INFO: [ view_filter ] --END-- [ RunTime:0.003307s ]
INFO: [ view_end ] --START--
INFO: Run ShowPageTrace Behavior [ RunTime:0.000673s ]
INFO: [ view_end ] --END-- [ RunTime:0.000737s ]

[ 2013-12-28T22:58:17+08:00 ] 127.0.0.1 /index.php/group/explore
INFO: [ route_check ] --START--
INFO: Run CheckRoute Behavior [ RunTime:0.000931s ]
INFO: [ route_check ] --END-- [ RunTime:0.001026s ]
INFO: [ app_begin ] --START--
INFO: Run ReadHtmlCache Behavior [ RunTime:0.000630s ]
INFO: Run load_lang Behavior [ RunTime:0.000605s ]
INFO: [ app_begin ] --END-- [ RunTime:0.001345s ]
NOTIC: [2048] Declaration of groupAction::show() should be compatible with that of Action::show() D:\PHPWeb\app\Lib\Action\home\groupAction.class.php 第 6 行.
SQL: SHOW COLUMNS FROM `rhmessage` [ RunTime:0.001497s ]
SQL: SELECT COUNT(*) AS tp_count FROM `rhmessage` WHERE ( `touserid` = null ) AND ( `isread` = 0 ) AND ( `isinbox` = 0 ) LIMIT 1   [ RunTime:0.000284s ]
SQL: SHOW COLUMNS FROM `rhgroup` [ RunTime:0.001553s ]
SQL: SHOW COLUMNS FROM `rhuser` [ RunTime:0.001631s ]
SQL: SHOW COLUMNS FROM `rhgroup_users` [ RunTime:0.001426s ]
SQL: SHOW COLUMNS FROM `rhgroup_topics` [ RunTime:0.001952s ]
SQL: SHOW COLUMNS FROM `rhgroup_topics_collects` [ RunTime:0.001601s ]
SQL: SHOW COLUMNS FROM `rhgroup_topics_comments` [ RunTime:0.002792s ]
SQL: SELECT COUNT(groupid) AS tp_count FROM `rhgroup` WHERE ( `isaudit` = 0 ) ORDER BY isrecommend DESC LIMIT 1   [ RunTime:0.000278s ]
SQL: SELECT * FROM `rhgroup` WHERE ( `isaudit` = 0 ) ORDER BY isrecommend DESC LIMIT 0,20   [ RunTime:0.000251s ]
NOTIC: [2] Invalid argument supplied for foreach() D:\PHPWeb\app\Lib\Action\home\groupAction.class.php 第 610 行.
NOTIC: [8] Undefined variable: arrData D:\PHPWeb\app\Lib\Action\home\groupAction.class.php 第 613 行.
NOTIC: [2] Invalid argument supplied for foreach() D:\PHPWeb\app\Lib\Action\home\groupAction.class.php 第 613 行.
NOTIC: [8] Undefined variable: exploreGroup D:\PHPWeb\app\Lib\Action\home\groupAction.class.php 第 620 行.
INFO: [ view_template ] --START--
INFO: Run LocationTemplate Behavior [ RunTime:0.000573s ]
INFO: [ view_template ] --END-- [ RunTime:0.000648s ]
INFO: [ view_parse ] --START--
NOTIC: [8] Use of undefined constant style - assumed 'style' D:\PHPWeb\data\runtime\Cache\home\2c6bc4f3911c590226a76d82ec887b72.php 第 95 行.
NOTIC: [8] Use of undefined constant url - assumed 'url' D:\PHPWeb\data\runtime\Cache\home\2c6bc4f3911c590226a76d82ec887b72.php 第 96 行.
NOTIC: [8] Use of undefined constant name - assumed 'name' D:\PHPWeb\data\runtime\Cache\home\2c6bc4f3911c590226a76d82ec887b72.php 第 96 行.
NOTIC: [8] Use of undefined constant url - assumed 'url' D:\PHPWeb\data\runtime\Cache\home\2c6bc4f3911c590226a76d82ec887b72.php 第 100 行.
NOTIC: [8] Use of undefined constant name - assumed 'name' D:\PHPWeb\data\runtime\Cache\home\2c6bc4f3911c590226a76d82ec887b72.php 第 100 行.
NOTIC: [8] Use of undefined constant url - assumed 'url' D:\PHPWeb\data\runtime\Cache\home\2c6bc4f3911c590226a76d82ec887b72.php 第 100 行.
NOTIC: [8] Use of undefined constant name - assumed 'name' D:\PHPWeb\data\runtime\Cache\home\2c6bc4f3911c590226a76d82ec887b72.php 第 100 行.
NOTIC: [8] Use of undefined constant url - assumed 'url' D:\PHPWeb\data\runtime\Cache\home\2c6bc4f3911c590226a76d82ec887b72.php 第 100 行.
NOTIC: [8] Use of undefined constant name - assumed 'name' D:\PHPWeb\data\runtime\Cache\home\2c6bc4f3911c590226a76d82ec887b72.php 第 100 行.
INFO: Run ParseTemplate Behavior [ RunTime:0.031656s ]
INFO: [ view_parse ] --END-- [ RunTime:0.031754s ]
INFO: [ view_filter ] --START--
INFO: Run ContentReplace Behavior [ RunTime:0.000649s ]
INFO: Run TokenBuild Behavior [ RunTime:0.000476s ]
INFO: Run WriteHtmlCache Behavior [ RunTime:0.000359s ]
INFO: Run ShowRuntime Behavior [ RunTime:0.000659s ]
INFO: Run content_replace Behavior [ RunTime:0.000657s ]
INFO: [ view_filter ] --END-- [ RunTime:0.003014s ]
INFO: [ view_end ] --START--
INFO: Run ShowPageTrace Behavior [ RunTime:0.000705s ]
INFO: [ view_end ] --END-- [ RunTime:0.000768s ]

[ 2013-12-28T22:58:22+08:00 ] 127.0.0.1 /index.php/group/explore
INFO: [ route_check ] --START--
INFO: Run CheckRoute Behavior [ RunTime:0.000930s ]
INFO: [ route_check ] --END-- [ RunTime:0.001025s ]
INFO: [ app_begin ] --START--
INFO: Run ReadHtmlCache Behavior [ RunTime:0.000626s ]
INFO: Run load_lang Behavior [ RunTime:0.000605s ]
INFO: [ app_begin ] --END-- [ RunTime:0.001341s ]
NOTIC: [2048] Declaration of groupAction::show() should be compatible with that of Action::show() D:\PHPWeb\app\Lib\Action\home\groupAction.class.php 第 6 行.
SQL: SHOW COLUMNS FROM `rhmessage` [ RunTime:0.001989s ]
SQL: SELECT COUNT(*) AS tp_count FROM `rhmessage` WHERE ( `touserid` = null ) AND ( `isread` = 0 ) AND ( `isinbox` = 0 ) LIMIT 1   [ RunTime:0.000239s ]
SQL: SHOW COLUMNS FROM `rhgroup` [ RunTime:0.002267s ]
SQL: SHOW COLUMNS FROM `rhuser` [ RunTime:0.001825s ]
SQL: SHOW COLUMNS FROM `rhgroup_users` [ RunTime:0.001162s ]
SQL: SHOW COLUMNS FROM `rhgroup_topics` [ RunTime:0.001480s ]
SQL: SHOW COLUMNS FROM `rhgroup_topics_collects` [ RunTime:0.001512s ]
SQL: SHOW COLUMNS FROM `rhgroup_topics_comments` [ RunTime:0.001267s ]
SQL: SELECT COUNT(groupid) AS tp_count FROM `rhgroup` WHERE ( `isaudit` = 0 ) ORDER BY isrecommend DESC LIMIT 1   [ RunTime:0.000241s ]
SQL: SELECT * FROM `rhgroup` WHERE ( `isaudit` = 0 ) ORDER BY isrecommend DESC LIMIT 0,20   [ RunTime:0.000247s ]
NOTIC: [2] Invalid argument supplied for foreach() D:\PHPWeb\app\Lib\Action\home\groupAction.class.php 第 610 行.
NOTIC: [8] Undefined variable: arrData D:\PHPWeb\app\Lib\Action\home\groupAction.class.php 第 613 行.
NOTIC: [2] Invalid argument supplied for foreach() D:\PHPWeb\app\Lib\Action\home\groupAction.class.php 第 613 行.
NOTIC: [8] Undefined variable: exploreGroup D:\PHPWeb\app\Lib\Action\home\groupAction.class.php 第 620 行.
INFO: [ view_template ] --START--
INFO: Run LocationTemplate Behavior [ RunTime:0.000477s ]
INFO: [ view_template ] --END-- [ RunTime:0.000549s ]
INFO: [ view_parse ] --START--
NOTIC: [8] Use of undefined constant style - assumed 'style' D:\PHPWeb\data\runtime\Cache\home\2c6bc4f3911c590226a76d82ec887b72.php 第 95 行.
NOTIC: [8] Use of undefined constant url - assumed 'url' D:\PHPWeb\data\runtime\Cache\home\2c6bc4f3911c590226a76d82ec887b72.php 第 96 行.
NOTIC: [8] Use of undefined constant name - assumed 'name' D:\PHPWeb\data\runtime\Cache\home\2c6bc4f3911c590226a76d82ec887b72.php 第 96 行.
NOTIC: [8] Use of undefined constant url - assumed 'url' D:\PHPWeb\data\runtime\Cache\home\2c6bc4f3911c590226a76d82ec887b72.php 第 100 行.
NOTIC: [8] Use of undefined constant name - assumed 'name' D:\PHPWeb\data\runtime\Cache\home\2c6bc4f3911c590226a76d82ec887b72.php 第 100 行.
NOTIC: [8] Use of undefined constant url - assumed 'url' D:\PHPWeb\data\runtime\Cache\home\2c6bc4f3911c590226a76d82ec887b72.php 第 100 行.
NOTIC: [8] Use of undefined constant name - assumed 'name' D:\PHPWeb\data\runtime\Cache\home\2c6bc4f3911c590226a76d82ec887b72.php 第 100 行.
NOTIC: [8] Use of undefined constant url - assumed 'url' D:\PHPWeb\data\runtime\Cache\home\2c6bc4f3911c590226a76d82ec887b72.php 第 100 行.
NOTIC: [8] Use of undefined constant name - assumed 'name' D:\PHPWeb\data\runtime\Cache\home\2c6bc4f3911c590226a76d82ec887b72.php 第 100 行.
INFO: Run ParseTemplate Behavior [ RunTime:0.049355s ]
INFO: [ view_parse ] --END-- [ RunTime:0.049441s ]
INFO: [ view_filter ] --START--
INFO: Run ContentReplace Behavior [ RunTime:0.000664s ]
INFO: Run TokenBuild Behavior [ RunTime:0.000475s ]
INFO: Run WriteHtmlCache Behavior [ RunTime:0.000355s ]
INFO: Run ShowRuntime Behavior [ RunTime:0.000656s ]
INFO: Run content_replace Behavior [ RunTime:0.000651s ]
INFO: [ view_filter ] --END-- [ RunTime:0.003017s ]
INFO: [ view_end ] --START--
INFO: Run ShowPageTrace Behavior [ RunTime:0.000684s ]
INFO: [ view_end ] --END-- [ RunTime:0.000747s ]

[ 2013-12-28T22:58:23+08:00 ] 127.0.0.1 /
INFO: [ app_begin ] --START--
INFO: Run ReadHtmlCache Behavior [ RunTime:0.000664s ]
INFO: Run load_lang Behavior [ RunTime:0.000598s ]
INFO: [ app_begin ] --END-- [ RunTime:0.001393s ]
SQL: SHOW COLUMNS FROM `rhmessage` [ RunTime:0.001877s ]
SQL: SELECT COUNT(*) AS tp_count FROM `rhmessage` WHERE ( `touserid` = null ) AND ( `isread` = 0 ) AND ( `isinbox` = 0 ) LIMIT 1   [ RunTime:0.000291s ]
SQL: SHOW COLUMNS FROM `rhgroup` [ RunTime:0.001601s ]
SQL: SHOW COLUMNS FROM `rhuser` [ RunTime:0.002260s ]
SQL: SHOW COLUMNS FROM `rhgroup_topics` [ RunTime:0.002105s ]
SQL: SHOW COLUMNS FROM `rharticle` [ RunTime:0.001691s ]
SQL: SELECT `groupid` FROM `rhgroup` WHERE ( `isshow` = 0 ) ORDER BY addtime desc LIMIT 10   [ RunTime:0.000315s ]
NOTIC: [8] Undefined variable: result D:\PHPWeb\app\Lib\Model\groupModel.class.php 第 26 行.
SQL: SELECT `userid`,`topicid`,`groupid`,`content`,`title` FROM `rhgroup_topics` WHERE ( `groupid` > 0 ) AND ( `isaudit` = 0 ) ORDER BY istop desc,addtime desc LIMIT 15   [ RunTime:0.000356s ]
NOTIC: [8] Undefined variable: result D:\PHPWeb\app\Lib\Model\group_topicsModel.class.php 第 50 行.
SQL: SELECT `userid` FROM `rhuser` WHERE ( `isenable` = 0 ) ORDER BY uptime desc LIMIT 12   [ RunTime:0.000257s ]
NOTIC: [2] Invalid argument supplied for foreach() D:\PHPWeb\app\Lib\Model\userModel.class.php 第 49 行.
NOTIC: [8] Undefined variable: result D:\PHPWeb\app\Lib\Model\userModel.class.php 第 52 行.
SQL: SHOW COLUMNS FROM `rharticle_item` [ RunTime:0.001518s ]
SQL: SELECT * FROM `rharticle_item` WHERE ( `isaudit` = 0 ) ORDER BY addtime desc LIMIT 8   [ RunTime:0.000284s ]
SQL: SELECT * FROM `rhgroup` WHERE ( `isrecommend` = 1 ) ORDER BY groupid asc LIMIT 10   [ RunTime:0.000222s ]
NOTIC: [8] Undefined variable: result D:\PHPWeb\app\Lib\Model\groupModel.class.php 第 127 行.
NOTIC: [2] Invalid argument supplied for foreach() D:\PHPWeb\app\Lib\Action\home\indexAction.class.php 第 27 行.
SQL: SELECT COUNT(*) AS tp_count FROM `rhuser` LIMIT 1   [ RunTime:0.000138s ]
NOTIC: [8] Undefined variable: arrRecommendGroup D:\PHPWeb\app\Lib\Action\home\indexAction.class.php 第 38 行.
INFO: [ view_template ] --START--
INFO: Run LocationTemplate Behavior [ RunTime:0.001029s ]
INFO: [ view_template ] --END-- [ RunTime:0.001144s ]
INFO: [ view_parse ] --START--
NOTIC: [8] Use of undefined constant userid - assumed 'userid' D:\PHPWeb\data\runtime\Cache\home\11e2f12d84b746b76491e3160c81a5b0.php 第 124 行.
INFO: Run ParseTemplate Behavior [ RunTime:0.028840s ]
INFO: [ view_parse ] --END-- [ RunTime:0.028958s ]
INFO: [ view_filter ] --START--
INFO: Run ContentReplace Behavior [ RunTime:0.000501s ]
INFO: Run TokenBuild Behavior [ RunTime:0.000465s ]
INFO: Run WriteHtmlCache Behavior [ RunTime:0.000355s ]
INFO: Run ShowRuntime Behavior [ RunTime:0.001418s ]
INFO: Run content_replace Behavior [ RunTime:0.001097s ]
INFO: [ view_filter ] --END-- [ RunTime:0.004099s ]
INFO: [ view_end ] --START--
INFO: Run ShowPageTrace Behavior [ RunTime:0.001262s ]
INFO: [ view_end ] --END-- [ RunTime:0.001382s ]

[ 2013-12-28T22:58:25+08:00 ] 127.0.0.1 /index.php/group/explore
INFO: [ route_check ] --START--
INFO: Run CheckRoute Behavior [ RunTime:0.000969s ]
INFO: [ route_check ] --END-- [ RunTime:0.001068s ]
INFO: [ app_begin ] --START--
INFO: Run ReadHtmlCache Behavior [ RunTime:0.000644s ]
INFO: Run load_lang Behavior [ RunTime:0.000603s ]
INFO: [ app_begin ] --END-- [ RunTime:0.001358s ]
NOTIC: [2048] Declaration of groupAction::show() should be compatible with that of Action::show() D:\PHPWeb\app\Lib\Action\home\groupAction.class.php 第 6 行.
SQL: SHOW COLUMNS FROM `rhmessage` [ RunTime:0.001928s ]
SQL: SELECT COUNT(*) AS tp_count FROM `rhmessage` WHERE ( `touserid` = null ) AND ( `isread` = 0 ) AND ( `isinbox` = 0 ) LIMIT 1   [ RunTime:0.000233s ]
SQL: SHOW COLUMNS FROM `rhgroup` [ RunTime:0.001602s ]
SQL: SHOW COLUMNS FROM `rhuser` [ RunTime:0.001633s ]
SQL: SHOW COLUMNS FROM `rhgroup_users` [ RunTime:0.001082s ]
SQL: SHOW COLUMNS FROM `rhgroup_topics` [ RunTime:0.001796s ]
SQL: SHOW COLUMNS FROM `rhgroup_topics_collects` [ RunTime:0.001525s ]
SQL: SHOW COLUMNS FROM `rhgroup_topics_comments` [ RunTime:0.001150s ]
SQL: SELECT COUNT(groupid) AS tp_count FROM `rhgroup` WHERE ( `isaudit` = 0 ) ORDER BY isrecommend DESC LIMIT 1   [ RunTime:0.000324s ]
SQL: SELECT * FROM `rhgroup` WHERE ( `isaudit` = 0 ) ORDER BY isrecommend DESC LIMIT 0,20   [ RunTime:0.000508s ]
NOTIC: [2] Invalid argument supplied for foreach() D:\PHPWeb\app\Lib\Action\home\groupAction.class.php 第 610 行.
NOTIC: [8] Undefined variable: arrData D:\PHPWeb\app\Lib\Action\home\groupAction.class.php 第 613 行.
NOTIC: [2] Invalid argument supplied for foreach() D:\PHPWeb\app\Lib\Action\home\groupAction.class.php 第 613 行.
NOTIC: [8] Undefined variable: exploreGroup D:\PHPWeb\app\Lib\Action\home\groupAction.class.php 第 620 行.
INFO: [ view_template ] --START--
INFO: Run LocationTemplate Behavior [ RunTime:0.000811s ]
INFO: [ view_template ] --END-- [ RunTime:0.000914s ]
INFO: [ view_parse ] --START--
NOTIC: [8] Use of undefined constant style - assumed 'style' D:\PHPWeb\data\runtime\Cache\home\2c6bc4f3911c590226a76d82ec887b72.php 第 95 行.
NOTIC: [8] Use of undefined constant url - assumed 'url' D:\PHPWeb\data\runtime\Cache\home\2c6bc4f3911c590226a76d82ec887b72.php 第 96 行.
NOTIC: [8] Use of undefined constant name - assumed 'name' D:\PHPWeb\data\runtime\Cache\home\2c6bc4f3911c590226a76d82ec887b72.php 第 96 行.
NOTIC: [8] Use of undefined constant url - assumed 'url' D:\PHPWeb\data\runtime\Cache\home\2c6bc4f3911c590226a76d82ec887b72.php 第 100 行.
NOTIC: [8] Use of undefined constant name - assumed 'name' D:\PHPWeb\data\runtime\Cache\home\2c6bc4f3911c590226a76d82ec887b72.php 第 100 行.
NOTIC: [8] Use of undefined constant url - assumed 'url' D:\PHPWeb\data\runtime\Cache\home\2c6bc4f3911c590226a76d82ec887b72.php 第 100 行.
NOTIC: [8] Use of undefined constant name - assumed 'name' D:\PHPWeb\data\runtime\Cache\home\2c6bc4f3911c590226a76d82ec887b72.php 第 100 行.
NOTIC: [8] Use of undefined constant url - assumed 'url' D:\PHPWeb\data\runtime\Cache\home\2c6bc4f3911c590226a76d82ec887b72.php 第 100 行.
NOTIC: [8] Use of undefined constant name - assumed 'name' D:\PHPWeb\data\runtime\Cache\home\2c6bc4f3911c590226a76d82ec887b72.php 第 100 行.
INFO: Run ParseTemplate Behavior [ RunTime:0.044438s ]
INFO: [ view_parse ] --END-- [ RunTime:0.044539s ]
INFO: [ view_filter ] --START--
INFO: Run ContentReplace Behavior [ RunTime:0.000639s ]
INFO: Run TokenBuild Behavior [ RunTime:0.000478s ]
INFO: Run WriteHtmlCache Behavior [ RunTime:0.000359s ]
INFO: Run ShowRuntime Behavior [ RunTime:0.000659s ]
INFO: Run content_replace Behavior [ RunTime:0.000654s ]
INFO: [ view_filter ] --END-- [ RunTime:0.003008s ]
INFO: [ view_end ] --START--
INFO: Run ShowPageTrace Behavior [ RunTime:0.000676s ]
INFO: [ view_end ] --END-- [ RunTime:0.000740s ]

[ 2013-12-28T22:58:28+08:00 ] 127.0.0.1 /index.php/article/index
INFO: [ route_check ] --START--
INFO: Run CheckRoute Behavior [ RunTime:0.001259s ]
INFO: [ route_check ] --END-- [ RunTime:0.001371s ]
INFO: [ app_begin ] --START--
INFO: Run ReadHtmlCache Behavior [ RunTime:0.001018s ]
INFO: Run load_lang Behavior [ RunTime:0.001158s ]
INFO: [ app_begin ] --END-- [ RunTime:0.002362s ]
NOTIC: [2048] Declaration of articleAction::show() should be compatible with that of Action::show() D:\PHPWeb\app\Lib\Action\home\articleAction.class.php 第 6 行.
SQL: SHOW COLUMNS FROM `rhmessage` [ RunTime:0.002191s ]
SQL: SELECT COUNT(*) AS tp_count FROM `rhmessage` WHERE ( `touserid` = null ) AND ( `isread` = 0 ) AND ( `isinbox` = 0 ) LIMIT 1   [ RunTime:0.000334s ]
SQL: SHOW COLUMNS FROM `rharticle_channel` [ RunTime:0.046623s ]
SQL: SELECT * FROM `rharticle_channel` WHERE ( `isnav` = 0 )  [ RunTime:0.000311s ]
NOTIC: [2] Invalid argument supplied for foreach() D:\PHPWeb\app\Lib\Action\frontendAction.class.php 第 100 行.
SQL: SHOW COLUMNS FROM `rharticle` [ RunTime:0.001224s ]
SQL: SHOW COLUMNS FROM `rharticle_cate` [ RunTime:0.030921s ]
SQL: SHOW COLUMNS FROM `rharticle_item` [ RunTime:0.001380s ]
SQL: SHOW COLUMNS FROM `rhuser` [ RunTime:0.002609s ]
SQL: SELECT * FROM `rharticle_cate` ORDER BY orderid asc  [ RunTime:0.000261s ]
SQL: SELECT COUNT(itemid) AS tp_count FROM `rharticle_item` WHERE ( `isaudit` = 0 ) ORDER BY addtime desc LIMIT 1   [ RunTime:0.000187s ]
SQL: SELECT `itemid` FROM `rharticle_item` WHERE ( `isaudit` = 0 ) ORDER BY addtime desc LIMIT 0,10   [ RunTime:0.000165s ]
NOTIC: [2] Invalid argument supplied for foreach() D:\PHPWeb\app\Lib\Action\home\articleAction.class.php 第 40 行.
NOTIC: [8] Undefined variable: arrArticle D:\PHPWeb\app\Lib\Action\home\articleAction.class.php 第 47 行.
INFO: [ view_template ] --START--
INFO: Run LocationTemplate Behavior [ RunTime:0.000838s ]
INFO: [ view_template ] --END-- [ RunTime:0.000938s ]
INFO: [ view_parse ] --START--
NOTIC: [8] Use of undefined constant style - assumed 'style' D:\PHPWeb\data\runtime\Cache\home\b0cd2bca48a8232c324229684ca169f1.php 第 95 行.
NOTIC: [8] Use of undefined constant url - assumed 'url' D:\PHPWeb\data\runtime\Cache\home\b0cd2bca48a8232c324229684ca169f1.php 第 96 行.
NOTIC: [8] Use of undefined constant name - assumed 'name' D:\PHPWeb\data\runtime\Cache\home\b0cd2bca48a8232c324229684ca169f1.php 第 96 行.
INFO: Run ParseTemplate Behavior [ RunTime:0.025904s ]
INFO: [ view_parse ] --END-- [ RunTime:0.026020s ]
INFO: [ view_filter ] --START--
INFO: Run ContentReplace Behavior [ RunTime:0.000879s ]
INFO: Run TokenBuild Behavior [ RunTime:0.000939s ]
INFO: Run WriteHtmlCache Behavior [ RunTime:0.000712s ]
INFO: Run ShowRuntime Behavior [ RunTime:0.001161s ]
INFO: Run content_replace Behavior [ RunTime:0.001570s ]
INFO: [ view_filter ] --END-- [ RunTime:0.005579s ]
INFO: [ view_end ] --START--
INFO: Run ShowPageTrace Behavior [ RunTime:0.001243s ]
INFO: [ view_end ] --END-- [ RunTime:0.001354s ]

[ 2013-12-28T22:58:41+08:00 ] 127.0.0.1 /
INFO: [ app_begin ] --START--
INFO: Run ReadHtmlCache Behavior [ RunTime:0.000845s ]
INFO: Run load_lang Behavior [ RunTime:0.000620s ]
INFO: [ app_begin ] --END-- [ RunTime:0.001607s ]
SQL: SHOW COLUMNS FROM `rhmessage` [ RunTime:0.001893s ]
SQL: SELECT COUNT(*) AS tp_count FROM `rhmessage` WHERE ( `touserid` = null ) AND ( `isread` = 0 ) AND ( `isinbox` = 0 ) LIMIT 1   [ RunTime:0.000345s ]
SQL: SHOW COLUMNS FROM `rhgroup` [ RunTime:0.001714s ]
SQL: SHOW COLUMNS FROM `rhuser` [ RunTime:0.001746s ]
SQL: SHOW COLUMNS FROM `rhgroup_topics` [ RunTime:0.001534s ]
SQL: SHOW COLUMNS FROM `rharticle` [ RunTime:0.001482s ]
SQL: SELECT `groupid` FROM `rhgroup` WHERE ( `isshow` = 0 ) ORDER BY addtime desc LIMIT 10   [ RunTime:0.000272s ]
NOTIC: [8] Undefined variable: result D:\PHPWeb\app\Lib\Model\groupModel.class.php 第 26 行.
SQL: SELECT `userid`,`topicid`,`groupid`,`content`,`title` FROM `rhgroup_topics` WHERE ( `groupid` > 0 ) AND ( `isaudit` = 0 ) ORDER BY istop desc,addtime desc LIMIT 15   [ RunTime:0.000193s ]
NOTIC: [8] Undefined variable: result D:\PHPWeb\app\Lib\Model\group_topicsModel.class.php 第 50 行.
SQL: SELECT `userid` FROM `rhuser` WHERE ( `isenable` = 0 ) ORDER BY uptime desc LIMIT 12   [ RunTime:0.000160s ]
NOTIC: [2] Invalid argument supplied for foreach() D:\PHPWeb\app\Lib\Model\userModel.class.php 第 49 行.
NOTIC: [8] Undefined variable: result D:\PHPWeb\app\Lib\Model\userModel.class.php 第 52 行.
SQL: SHOW COLUMNS FROM `rharticle_item` [ RunTime:0.001385s ]
SQL: SELECT * FROM `rharticle_item` WHERE ( `isaudit` = 0 ) ORDER BY addtime desc LIMIT 8   [ RunTime:0.000328s ]
SQL: SELECT * FROM `rhgroup` WHERE ( `isrecommend` = 1 ) ORDER BY groupid asc LIMIT 10   [ RunTime:0.000502s ]
NOTIC: [8] Undefined variable: result D:\PHPWeb\app\Lib\Model\groupModel.class.php 第 127 行.
NOTIC: [2] Invalid argument supplied for foreach() D:\PHPWeb\app\Lib\Action\home\indexAction.class.php 第 27 行.
SQL: SELECT COUNT(*) AS tp_count FROM `rhuser` LIMIT 1   [ RunTime:0.000149s ]
NOTIC: [8] Undefined variable: arrRecommendGroup D:\PHPWeb\app\Lib\Action\home\indexAction.class.php 第 38 行.
INFO: [ view_template ] --START--
INFO: Run LocationTemplate Behavior [ RunTime:0.000693s ]
INFO: [ view_template ] --END-- [ RunTime:0.000767s ]
INFO: [ view_parse ] --START--
NOTIC: [8] Use of undefined constant userid - assumed 'userid' D:\PHPWeb\data\runtime\Cache\home\11e2f12d84b746b76491e3160c81a5b0.php 第 124 行.
INFO: Run ParseTemplate Behavior [ RunTime:0.024069s ]
INFO: [ view_parse ] --END-- [ RunTime:0.024181s ]
INFO: [ view_filter ] --START--
INFO: Run ContentReplace Behavior [ RunTime:0.000593s ]
INFO: Run TokenBuild Behavior [ RunTime:0.000526s ]
INFO: Run WriteHtmlCache Behavior [ RunTime:0.000359s ]
INFO: Run ShowRuntime Behavior [ RunTime:0.000648s ]
INFO: Run content_replace Behavior [ RunTime:0.000725s ]
INFO: [ view_filter ] --END-- [ RunTime:0.003071s ]
INFO: [ view_end ] --START--
INFO: Run ShowPageTrace Behavior [ RunTime:0.000689s ]
INFO: [ view_end ] --END-- [ RunTime:0.000752s ]

[ 2013-12-28T22:59:47+08:00 ] 127.0.0.1 /index.php/help/agreement
INFO: [ route_check ] --START--
INFO: Run CheckRoute Behavior [ RunTime:0.000927s ]
INFO: [ route_check ] --END-- [ RunTime:0.001021s ]
INFO: [ app_begin ] --START--
INFO: Run ReadHtmlCache Behavior [ RunTime:0.000793s ]
INFO: Run load_lang Behavior [ RunTime:0.001329s ]
INFO: [ app_begin ] --END-- [ RunTime:0.002352s ]
SQL: SHOW COLUMNS FROM `rhmessage` [ RunTime:0.001565s ]
SQL: SELECT COUNT(*) AS tp_count FROM `rhmessage` WHERE ( `touserid` = null ) AND ( `isread` = 0 ) AND ( `isinbox` = 0 ) LIMIT 1   [ RunTime:0.000456s ]
SQL: SHOW COLUMNS FROM `rhhome_info` [ RunTime:0.001323s ]
SQL: SHOW COLUMNS FROM `rhdowncount` [ RunTime:0.002327s ]
SQL: SELECT * FROM `rhhome_info` WHERE ( `infokey` = 'agreement' ) LIMIT 1   [ RunTime:0.000416s ]
INFO: [ view_template ] --START--
INFO: Run LocationTemplate Behavior [ RunTime:0.000802s ]
INFO: [ view_template ] --END-- [ RunTime:0.000894s ]
INFO: [ view_parse ] --START--
NOTIC: [8] Use of undefined constant style - assumed 'style' D:\PHPWeb\data\runtime\Cache\home\95fb656081c2fd5a16e087dcbf65d0f2.php 第 95 行.
NOTIC: [8] Use of undefined constant url - assumed 'url' D:\PHPWeb\data\runtime\Cache\home\95fb656081c2fd5a16e087dcbf65d0f2.php 第 96 行.
NOTIC: [8] Use of undefined constant name - assumed 'name' D:\PHPWeb\data\runtime\Cache\home\95fb656081c2fd5a16e087dcbf65d0f2.php 第 96 行.
NOTIC: [8] Use of undefined constant url - assumed 'url' D:\PHPWeb\data\runtime\Cache\home\95fb656081c2fd5a16e087dcbf65d0f2.php 第 100 行.
NOTIC: [8] Use of undefined constant name - assumed 'name' D:\PHPWeb\data\runtime\Cache\home\95fb656081c2fd5a16e087dcbf65d0f2.php 第 100 行.
NOTIC: [8] Use of undefined constant url - assumed 'url' D:\PHPWeb\data\runtime\Cache\home\95fb656081c2fd5a16e087dcbf65d0f2.php 第 100 行.
NOTIC: [8] Use of undefined constant name - assumed 'name' D:\PHPWeb\data\runtime\Cache\home\95fb656081c2fd5a16e087dcbf65d0f2.php 第 100 行.
NOTIC: [8] Use of undefined constant url - assumed 'url' D:\PHPWeb\data\runtime\Cache\home\95fb656081c2fd5a16e087dcbf65d0f2.php 第 100 行.
NOTIC: [8] Use of undefined constant name - assumed 'name' D:\PHPWeb\data\runtime\Cache\home\95fb656081c2fd5a16e087dcbf65d0f2.php 第 100 行.
NOTIC: [8] Use of undefined constant infocontent - assumed 'infocontent' D:\PHPWeb\data\runtime\Cache\home\95fb656081c2fd5a16e087dcbf65d0f2.php 第 127 行.
NOTIC: [8] Use of undefined constant url - assumed 'url' D:\PHPWeb\data\runtime\Cache\home\95fb656081c2fd5a16e087dcbf65d0f2.php 第 134 行.
NOTIC: [8] Use of undefined constant text - assumed 'text' D:\PHPWeb\data\runtime\Cache\home\95fb656081c2fd5a16e087dcbf65d0f2.php 第 134 行.
NOTIC: [8] Use of undefined constant url - assumed 'url' D:\PHPWeb\data\runtime\Cache\home\95fb656081c2fd5a16e087dcbf65d0f2.php 第 134 行.
NOTIC: [8] Use of undefined constant text - assumed 'text' D:\PHPWeb\data\runtime\Cache\home\95fb656081c2fd5a16e087dcbf65d0f2.php 第 134 行.
NOTIC: [8] Use of undefined constant url - assumed 'url' D:\PHPWeb\data\runtime\Cache\home\95fb656081c2fd5a16e087dcbf65d0f2.php 第 132 行.
NOTIC: [8] Use of undefined constant text - assumed 'text' D:\PHPWeb\data\runtime\Cache\home\95fb656081c2fd5a16e087dcbf65d0f2.php 第 132 行.
NOTIC: [8] Use of undefined constant url - assumed 'url' D:\PHPWeb\data\runtime\Cache\home\95fb656081c2fd5a16e087dcbf65d0f2.php 第 134 行.
NOTIC: [8] Use of undefined constant text - assumed 'text' D:\PHPWeb\data\runtime\Cache\home\95fb656081c2fd5a16e087dcbf65d0f2.php 第 134 行.
NOTIC: [8] Use of undefined constant url - assumed 'url' D:\PHPWeb\data\runtime\Cache\home\95fb656081c2fd5a16e087dcbf65d0f2.php 第 134 行.
NOTIC: [8] Use of undefined constant text - assumed 'text' D:\PHPWeb\data\runtime\Cache\home\95fb656081c2fd5a16e087dcbf65d0f2.php 第 134 行.
INFO: Run ParseTemplate Behavior [ RunTime:0.020961s ]
INFO: [ view_parse ] --END-- [ RunTime:0.021082s ]
INFO: [ view_filter ] --START--
INFO: Run ContentReplace Behavior [ RunTime:0.001286s ]
INFO: Run TokenBuild Behavior [ RunTime:0.001227s ]
INFO: Run WriteHtmlCache Behavior [ RunTime:0.000982s ]
INFO: Run ShowRuntime Behavior [ RunTime:0.001070s ]
INFO: Run content_replace Behavior [ RunTime:0.000999s ]
INFO: [ view_filter ] --END-- [ RunTime:0.005959s ]
INFO: [ view_end ] --START--
INFO: Run ShowPageTrace Behavior [ RunTime:0.000725s ]
INFO: [ view_end ] --END-- [ RunTime:0.000788s ]

[ 2013-12-28T22:59:49+08:00 ] 127.0.0.1 /
INFO: [ app_begin ] --START--
INFO: Run ReadHtmlCache Behavior [ RunTime:0.000704s ]
INFO: Run load_lang Behavior [ RunTime:0.000636s ]
INFO: [ app_begin ] --END-- [ RunTime:0.001490s ]
SQL: SHOW COLUMNS FROM `rhmessage` [ RunTime:0.001628s ]
SQL: SELECT COUNT(*) AS tp_count FROM `rhmessage` WHERE ( `touserid` = null ) AND ( `isread` = 0 ) AND ( `isinbox` = 0 ) LIMIT 1   [ RunTime:0.000370s ]
SQL: SHOW COLUMNS FROM `rhgroup` [ RunTime:0.001641s ]
SQL: SHOW COLUMNS FROM `rhuser` [ RunTime:0.002251s ]
SQL: SHOW COLUMNS FROM `rhgroup_topics` [ RunTime:0.001649s ]
SQL: SHOW COLUMNS FROM `rharticle` [ RunTime:0.001779s ]
SQL: SELECT `groupid` FROM `rhgroup` WHERE ( `isshow` = 0 ) ORDER BY addtime desc LIMIT 10   [ RunTime:0.000292s ]
NOTIC: [8] Undefined variable: result D:\PHPWeb\app\Lib\Model\groupModel.class.php 第 26 行.
SQL: SELECT `userid`,`topicid`,`groupid`,`content`,`title` FROM `rhgroup_topics` WHERE ( `groupid` > 0 ) AND ( `isaudit` = 0 ) ORDER BY istop desc,addtime desc LIMIT 15   [ RunTime:0.000233s ]
NOTIC: [8] Undefined variable: result D:\PHPWeb\app\Lib\Model\group_topicsModel.class.php 第 50 行.
SQL: SELECT `userid` FROM `rhuser` WHERE ( `isenable` = 0 ) ORDER BY uptime desc LIMIT 12   [ RunTime:0.000497s ]
NOTIC: [2] Invalid argument supplied for foreach() D:\PHPWeb\app\Lib\Model\userModel.class.php 第 49 行.
NOTIC: [8] Undefined variable: result D:\PHPWeb\app\Lib\Model\userModel.class.php 第 52 行.
SQL: SHOW COLUMNS FROM `rharticle_item` [ RunTime:0.001974s ]
SQL: SELECT * FROM `rharticle_item` WHERE ( `isaudit` = 0 ) ORDER BY addtime desc LIMIT 8   [ RunTime:0.000254s ]
SQL: SELECT * FROM `rhgroup` WHERE ( `isrecommend` = 1 ) ORDER BY groupid asc LIMIT 10   [ RunTime:0.000261s ]
NOTIC: [8] Undefined variable: result D:\PHPWeb\app\Lib\Model\groupModel.class.php 第 127 行.
NOTIC: [2] Invalid argument supplied for foreach() D:\PHPWeb\app\Lib\Action\home\indexAction.class.php 第 27 行.
SQL: SELECT COUNT(*) AS tp_count FROM `rhuser` LIMIT 1   [ RunTime:0.000172s ]
NOTIC: [8] Undefined variable: arrRecommendGroup D:\PHPWeb\app\Lib\Action\home\indexAction.class.php 第 38 行.
INFO: [ view_template ] --START--
INFO: Run LocationTemplate Behavior [ RunTime:0.000923s ]
INFO: [ view_template ] --END-- [ RunTime:0.001000s ]
INFO: [ view_parse ] --START--
NOTIC: [8] Use of undefined constant userid - assumed 'userid' D:\PHPWeb\data\runtime\Cache\home\11e2f12d84b746b76491e3160c81a5b0.php 第 124 行.
INFO: Run ParseTemplate Behavior [ RunTime:0.035920s ]
INFO: [ view_parse ] --END-- [ RunTime:0.036045s ]
INFO: [ view_filter ] --START--
INFO: Run ContentReplace Behavior [ RunTime:0.000671s ]
INFO: Run TokenBuild Behavior [ RunTime:0.001057s ]
INFO: Run WriteHtmlCache Behavior [ RunTime:0.000577s ]
INFO: Run ShowRuntime Behavior [ RunTime:0.000844s ]
INFO: Run content_replace Behavior [ RunTime:0.000735s ]
INFO: [ view_filter ] --END-- [ RunTime:0.004224s ]
INFO: [ view_end ] --START--
INFO: Run ShowPageTrace Behavior [ RunTime:0.000732s ]
INFO: [ view_end ] --END-- [ RunTime:0.000795s ]

[ 2013-12-28T22:59:51+08:00 ] 127.0.0.1 /index.php/help/contact
INFO: [ route_check ] --START--
INFO: Run CheckRoute Behavior [ RunTime:0.001213s ]
INFO: [ route_check ] --END-- [ RunTime:0.001344s ]
INFO: [ app_begin ] --START--
INFO: Run ReadHtmlCache Behavior [ RunTime:0.000638s ]
INFO: Run load_lang Behavior [ RunTime:0.000611s ]
INFO: [ app_begin ] --END-- [ RunTime:0.001361s ]
SQL: SHOW COLUMNS FROM `rhmessage` [ RunTime:0.001395s ]
SQL: SELECT COUNT(*) AS tp_count FROM `rhmessage` WHERE ( `touserid` = null ) AND ( `isread` = 0 ) AND ( `isinbox` = 0 ) LIMIT 1   [ RunTime:0.000258s ]
SQL: SHOW COLUMNS FROM `rhhome_info` [ RunTime:0.001494s ]
SQL: SHOW COLUMNS FROM `rhdowncount` [ RunTime:0.001475s ]
SQL: SELECT * FROM `rhhome_info` WHERE ( `infokey` = 'contact' ) LIMIT 1   [ RunTime:0.000451s ]
INFO: [ view_template ] --START--
INFO: Run LocationTemplate Behavior [ RunTime:0.000968s ]
INFO: [ view_template ] --END-- [ RunTime:0.001069s ]
INFO: [ view_parse ] --START--
NOTIC: [8] Use of undefined constant style - assumed 'style' D:\PHPWeb\data\runtime\Cache\home\95fb656081c2fd5a16e087dcbf65d0f2.php 第 95 行.
NOTIC: [8] Use of undefined constant url - assumed 'url' D:\PHPWeb\data\runtime\Cache\home\95fb656081c2fd5a16e087dcbf65d0f2.php 第 96 行.
NOTIC: [8] Use of undefined constant name - assumed 'name' D:\PHPWeb\data\runtime\Cache\home\95fb656081c2fd5a16e087dcbf65d0f2.php 第 96 行.
NOTIC: [8] Use of undefined constant url - assumed 'url' D:\PHPWeb\data\runtime\Cache\home\95fb656081c2fd5a16e087dcbf65d0f2.php 第 100 行.
NOTIC: [8] Use of undefined constant name - assumed 'name' D:\PHPWeb\data\runtime\Cache\home\95fb656081c2fd5a16e087dcbf65d0f2.php 第 100 行.
NOTIC: [8] Use of undefined constant url - assumed 'url' D:\PHPWeb\data\runtime\Cache\home\95fb656081c2fd5a16e087dcbf65d0f2.php 第 100 行.
NOTIC: [8] Use of undefined constant name - assumed 'name' D:\PHPWeb\data\runtime\Cache\home\95fb656081c2fd5a16e087dcbf65d0f2.php 第 100 行.
NOTIC: [8] Use of undefined constant url - assumed 'url' D:\PHPWeb\data\runtime\Cache\home\95fb656081c2fd5a16e087dcbf65d0f2.php 第 100 行.
NOTIC: [8] Use of undefined constant name - assumed 'name' D:\PHPWeb\data\runtime\Cache\home\95fb656081c2fd5a16e087dcbf65d0f2.php 第 100 行.
NOTIC: [8] Use of undefined constant infocontent - assumed 'infocontent' D:\PHPWeb\data\runtime\Cache\home\95fb656081c2fd5a16e087dcbf65d0f2.php 第 127 行.
NOTIC: [8] Use of undefined constant url - assumed 'url' D:\PHPWeb\data\runtime\Cache\home\95fb656081c2fd5a16e087dcbf65d0f2.php 第 134 行.
NOTIC: [8] Use of undefined constant text - assumed 'text' D:\PHPWeb\data\runtime\Cache\home\95fb656081c2fd5a16e087dcbf65d0f2.php 第 134 行.
NOTIC: [8] Use of undefined constant url - assumed 'url' D:\PHPWeb\data\runtime\Cache\home\95fb656081c2fd5a16e087dcbf65d0f2.php 第 132 行.
NOTIC: [8] Use of undefined constant text - assumed 'text' D:\PHPWeb\data\runtime\Cache\home\95fb656081c2fd5a16e087dcbf65d0f2.php 第 132 行.
NOTIC: [8] Use of undefined constant url - assumed 'url' D:\PHPWeb\data\runtime\Cache\home\95fb656081c2fd5a16e087dcbf65d0f2.php 第 134 行.
NOTIC: [8] Use of undefined constant text - assumed 'text' D:\PHPWeb\data\runtime\Cache\home\95fb656081c2fd5a16e087dcbf65d0f2.php 第 134 行.
NOTIC: [8] Use of undefined constant url - assumed 'url' D:\PHPWeb\data\runtime\Cache\home\95fb656081c2fd5a16e087dcbf65d0f2.php 第 134 行.
NOTIC: [8] Use of undefined constant text - assumed 'text' D:\PHPWeb\data\runtime\Cache\home\95fb656081c2fd5a16e087dcbf65d0f2.php 第 134 行.
NOTIC: [8] Use of undefined constant url - assumed 'url' D:\PHPWeb\data\runtime\Cache\home\95fb656081c2fd5a16e087dcbf65d0f2.php 第 134 行.
NOTIC: [8] Use of undefined constant text - assumed 'text' D:\PHPWeb\data\runtime\Cache\home\95fb656081c2fd5a16e087dcbf65d0f2.php 第 134 行.
INFO: Run ParseTemplate Behavior [ RunTime:0.023210s ]
INFO: [ view_parse ] --END-- [ RunTime:0.023311s ]
INFO: [ view_filter ] --START--
INFO: Run ContentReplace Behavior [ RunTime:0.000704s ]
INFO: Run TokenBuild Behavior [ RunTime:0.000778s ]
INFO: Run WriteHtmlCache Behavior [ RunTime:0.000682s ]
INFO: Run ShowRuntime Behavior [ RunTime:0.000954s ]
INFO: Run content_replace Behavior [ RunTime:0.001095s ]
INFO: [ view_filter ] --END-- [ RunTime:0.004533s ]
INFO: [ view_end ] --START--
INFO: Run ShowPageTrace Behavior [ RunTime:0.000990s ]
INFO: [ view_end ] --END-- [ RunTime:0.001091s ]

[ 2013-12-28T22:59:53+08:00 ] 127.0.0.1 /index.php/help/about
INFO: [ route_check ] --START--
INFO: Run CheckRoute Behavior [ RunTime:0.000932s ]
INFO: [ route_check ] --END-- [ RunTime:0.001029s ]
INFO: [ app_begin ] --START--
INFO: Run ReadHtmlCache Behavior [ RunTime:0.000636s ]
INFO: Run load_lang Behavior [ RunTime:0.000619s ]
INFO: [ app_begin ] --END-- [ RunTime:0.001366s ]
SQL: SHOW COLUMNS FROM `rhmessage` [ RunTime:0.001916s ]
SQL: SELECT COUNT(*) AS tp_count FROM `rhmessage` WHERE ( `touserid` = null ) AND ( `isread` = 0 ) AND ( `isinbox` = 0 ) LIMIT 1   [ RunTime:0.000381s ]
SQL: SHOW COLUMNS FROM `rhhome_info` [ RunTime:0.001457s ]
SQL: SHOW COLUMNS FROM `rhdowncount` [ RunTime:0.001226s ]
SQL: SELECT * FROM `rhhome_info` WHERE ( `infokey` = 'about' ) LIMIT 1   [ RunTime:0.000375s ]
INFO: [ view_template ] --START--
INFO: Run LocationTemplate Behavior [ RunTime:0.001039s ]
INFO: [ view_template ] --END-- [ RunTime:0.001158s ]
INFO: [ view_parse ] --START--
NOTIC: [8] Use of undefined constant style - assumed 'style' D:\PHPWeb\data\runtime\Cache\home\95fb656081c2fd5a16e087dcbf65d0f2.php 第 95 行.
NOTIC: [8] Use of undefined constant url - assumed 'url' D:\PHPWeb\data\runtime\Cache\home\95fb656081c2fd5a16e087dcbf65d0f2.php 第 96 行.
NOTIC: [8] Use of undefined constant name - assumed 'name' D:\PHPWeb\data\runtime\Cache\home\95fb656081c2fd5a16e087dcbf65d0f2.php 第 96 行.
NOTIC: [8] Use of undefined constant url - assumed 'url' D:\PHPWeb\data\runtime\Cache\home\95fb656081c2fd5a16e087dcbf65d0f2.php 第 100 行.
NOTIC: [8] Use of undefined constant name - assumed 'name' D:\PHPWeb\data\runtime\Cache\home\95fb656081c2fd5a16e087dcbf65d0f2.php 第 100 行.
NOTIC: [8] Use of undefined constant url - assumed 'url' D:\PHPWeb\data\runtime\Cache\home\95fb656081c2fd5a16e087dcbf65d0f2.php 第 100 行.
NOTIC: [8] Use of undefined constant name - assumed 'name' D:\PHPWeb\data\runtime\Cache\home\95fb656081c2fd5a16e087dcbf65d0f2.php 第 100 行.
NOTIC: [8] Use of undefined constant url - assumed 'url' D:\PHPWeb\data\runtime\Cache\home\95fb656081c2fd5a16e087dcbf65d0f2.php 第 100 行.
NOTIC: [8] Use of undefined constant name - assumed 'name' D:\PHPWeb\data\runtime\Cache\home\95fb656081c2fd5a16e087dcbf65d0f2.php 第 100 行.
NOTIC: [8] Use of undefined constant infocontent - assumed 'infocontent' D:\PHPWeb\data\runtime\Cache\home\95fb656081c2fd5a16e087dcbf65d0f2.php 第 127 行.
NOTIC: [8] Use of undefined constant url - assumed 'url' D:\PHPWeb\data\runtime\Cache\home\95fb656081c2fd5a16e087dcbf65d0f2.php 第 132 行.
NOTIC: [8] Use of undefined constant text - assumed 'text' D:\PHPWeb\data\runtime\Cache\home\95fb656081c2fd5a16e087dcbf65d0f2.php 第 132 行.
NOTIC: [8] Use of undefined constant url - assumed 'url' D:\PHPWeb\data\runtime\Cache\home\95fb656081c2fd5a16e087dcbf65d0f2.php 第 134 行.
NOTIC: [8] Use of undefined constant text - assumed 'text' D:\PHPWeb\data\runtime\Cache\home\95fb656081c2fd5a16e087dcbf65d0f2.php 第 134 行.
NOTIC: [8] Use of undefined constant url - assumed 'url' D:\PHPWeb\data\runtime\Cache\home\95fb656081c2fd5a16e087dcbf65d0f2.php 第 134 行.
NOTIC: [8] Use of undefined constant text - assumed 'text' D:\PHPWeb\data\runtime\Cache\home\95fb656081c2fd5a16e087dcbf65d0f2.php 第 134 行.
NOTIC: [8] Use of undefined constant url - assumed 'url' D:\PHPWeb\data\runtime\Cache\home\95fb656081c2fd5a16e087dcbf65d0f2.php 第 134 行.
NOTIC: [8] Use of undefined constant text - assumed 'text' D:\PHPWeb\data\runtime\Cache\home\95fb656081c2fd5a16e087dcbf65d0f2.php 第 134 行.
NOTIC: [8] Use of undefined constant url - assumed 'url' D:\PHPWeb\data\runtime\Cache\home\95fb656081c2fd5a16e087dcbf65d0f2.php 第 134 行.
NOTIC: [8] Use of undefined constant text - assumed 'text' D:\PHPWeb\data\runtime\Cache\home\95fb656081c2fd5a16e087dcbf65d0f2.php 第 134 行.
INFO: Run ParseTemplate Behavior [ RunTime:0.018450s ]
INFO: [ view_parse ] --END-- [ RunTime:0.018544s ]
INFO: [ view_filter ] --START--
INFO: Run ContentReplace Behavior [ RunTime:0.000553s ]
INFO: Run TokenBuild Behavior [ RunTime:0.000752s ]
INFO: Run WriteHtmlCache Behavior [ RunTime:0.000613s ]
INFO: Run ShowRuntime Behavior [ RunTime:0.000931s ]
INFO: Run content_replace Behavior [ RunTime:0.000803s ]
INFO: [ view_filter ] --END-- [ RunTime:0.003972s ]
INFO: [ view_end ] --START--
INFO: Run ShowPageTrace Behavior [ RunTime:0.000882s ]
INFO: [ view_end ] --END-- [ RunTime:0.000964s ]

[ 2013-12-28T23:00:13+08:00 ] 127.0.0.1 /index.php/help/download
INFO: [ route_check ] --START--
INFO: Run CheckRoute Behavior [ RunTime:0.002704s ]
INFO: [ route_check ] --END-- [ RunTime:0.002889s ]
INFO: [ app_begin ] --START--
INFO: Run ReadHtmlCache Behavior [ RunTime:0.001912s ]
INFO: Run load_lang Behavior [ RunTime:0.001838s ]
INFO: [ app_begin ] --END-- [ RunTime:0.004023s ]
SQL: SHOW COLUMNS FROM `rhmessage` [ RunTime:0.001625s ]
SQL: SELECT COUNT(*) AS tp_count FROM `rhmessage` WHERE ( `touserid` = null ) AND ( `isread` = 0 ) AND ( `isinbox` = 0 ) LIMIT 1   [ RunTime:0.000388s ]
SQL: SHOW COLUMNS FROM `rhhome_info` [ RunTime:0.001247s ]
SQL: SHOW COLUMNS FROM `rhdowncount` [ RunTime:0.001870s ]
SQL: SELECT * FROM `rhhome_info` WHERE ( `infokey` = 'download' ) LIMIT 1   [ RunTime:0.000379s ]
SQL: SELECT COUNT(*) AS tp_count FROM `rhdowncount` LIMIT 1   [ RunTime:0.000317s ]
INFO: [ view_template ] --START--
INFO: Run LocationTemplate Behavior [ RunTime:0.001835s ]
INFO: [ view_template ] --END-- [ RunTime:0.002033s ]
INFO: [ view_parse ] --START--
NOTIC: [8] Use of undefined constant style - assumed 'style' D:\PHPWeb\data\runtime\Cache\home\1773f40495904b96cde8e8ee51b7c512.php 第 95 行.
NOTIC: [8] Use of undefined constant url - assumed 'url' D:\PHPWeb\data\runtime\Cache\home\1773f40495904b96cde8e8ee51b7c512.php 第 96 行.
NOTIC: [8] Use of undefined constant name - assumed 'name' D:\PHPWeb\data\runtime\Cache\home\1773f40495904b96cde8e8ee51b7c512.php 第 96 行.
NOTIC: [8] Use of undefined constant url - assumed 'url' D:\PHPWeb\data\runtime\Cache\home\1773f40495904b96cde8e8ee51b7c512.php 第 100 行.
NOTIC: [8] Use of undefined constant name - assumed 'name' D:\PHPWeb\data\runtime\Cache\home\1773f40495904b96cde8e8ee51b7c512.php 第 100 行.
NOTIC: [8] Use of undefined constant url - assumed 'url' D:\PHPWeb\data\runtime\Cache\home\1773f40495904b96cde8e8ee51b7c512.php 第 100 行.
NOTIC: [8] Use of undefined constant name - assumed 'name' D:\PHPWeb\data\runtime\Cache\home\1773f40495904b96cde8e8ee51b7c512.php 第 100 行.
NOTIC: [8] Use of undefined constant url - assumed 'url' D:\PHPWeb\data\runtime\Cache\home\1773f40495904b96cde8e8ee51b7c512.php 第 100 行.
NOTIC: [8] Use of undefined constant name - assumed 'name' D:\PHPWeb\data\runtime\Cache\home\1773f40495904b96cde8e8ee51b7c512.php 第 100 行.
NOTIC: [8] Use of undefined constant url - assumed 'url' D:\PHPWeb\data\runtime\Cache\home\1773f40495904b96cde8e8ee51b7c512.php 第 151 行.
NOTIC: [8] Use of undefined constant text - assumed 'text' D:\PHPWeb\data\runtime\Cache\home\1773f40495904b96cde8e8ee51b7c512.php 第 151 行.
NOTIC: [8] Use of undefined constant url - assumed 'url' D:\PHPWeb\data\runtime\Cache\home\1773f40495904b96cde8e8ee51b7c512.php 第 151 行.
NOTIC: [8] Use of undefined constant text - assumed 'text' D:\PHPWeb\data\runtime\Cache\home\1773f40495904b96cde8e8ee51b7c512.php 第 151 行.
NOTIC: [8] Use of undefined constant url - assumed 'url' D:\PHPWeb\data\runtime\Cache\home\1773f40495904b96cde8e8ee51b7c512.php 第 151 行.
NOTIC: [8] Use of undefined constant text - assumed 'text' D:\PHPWeb\data\runtime\Cache\home\1773f40495904b96cde8e8ee51b7c512.php 第 151 行.
NOTIC: [8] Use of undefined constant url - assumed 'url' D:\PHPWeb\data\runtime\Cache\home\1773f40495904b96cde8e8ee51b7c512.php 第 151 行.
NOTIC: [8] Use of undefined constant text - assumed 'text' D:\PHPWeb\data\runtime\Cache\home\1773f40495904b96cde8e8ee51b7c512.php 第 151 行.
NOTIC: [8] Use of undefined constant url - assumed 'url' D:\PHPWeb\data\runtime\Cache\home\1773f40495904b96cde8e8ee51b7c512.php 第 149 行.
NOTIC: [8] Use of undefined constant text - assumed 'text' D:\PHPWeb\data\runtime\Cache\home\1773f40495904b96cde8e8ee51b7c512.php 第 149 行.
INFO: Run ParseTemplate Behavior [ RunTime:0.020507s ]
INFO: [ view_parse ] --END-- [ RunTime:0.020658s ]
INFO: [ view_filter ] --START--
INFO: Run ContentReplace Behavior [ RunTime:0.000813s ]
INFO: Run TokenBuild Behavior [ RunTime:0.001434s ]
INFO: Run WriteHtmlCache Behavior [ RunTime:0.001292s ]
INFO: Run ShowRuntime Behavior [ RunTime:0.002039s ]
INFO: Run content_replace Behavior [ RunTime:0.001752s ]
INFO: [ view_filter ] --END-- [ RunTime:0.007806s ]
INFO: [ view_end ] --START--
INFO: Run ShowPageTrace Behavior [ RunTime:0.002034s ]
INFO: [ view_end ] --END-- [ RunTime:0.002195s ]

[ 2013-12-28T23:00:55+08:00 ] 127.0.0.1 /
INFO: [ app_begin ] --START--
INFO: Run ReadHtmlCache Behavior [ RunTime:0.000649s ]
INFO: Run load_lang Behavior [ RunTime:0.000601s ]
INFO: [ app_begin ] --END-- [ RunTime:0.001381s ]
SQL: SHOW COLUMNS FROM `rhmessage` [ RunTime:0.001664s ]
SQL: SELECT COUNT(*) AS tp_count FROM `rhmessage` WHERE ( `touserid` = null ) AND ( `isread` = 0 ) AND ( `isinbox` = 0 ) LIMIT 1   [ RunTime:0.000233s ]
SQL: SHOW COLUMNS FROM `rhgroup` [ RunTime:0.001498s ]
SQL: SHOW COLUMNS FROM `rhuser` [ RunTime:0.002098s ]
SQL: SHOW COLUMNS FROM `rhgroup_topics` [ RunTime:0.001473s ]
SQL: SHOW COLUMNS FROM `rharticle` [ RunTime:0.001492s ]
SQL: SELECT `groupid` FROM `rhgroup` WHERE ( `isshow` = 0 ) ORDER BY addtime desc LIMIT 10   [ RunTime:0.000257s ]
NOTIC: [8] Undefined variable: result D:\PHPWeb\app\Lib\Model\groupModel.class.php 第 26 行.
SQL: SELECT `userid`,`topicid`,`groupid`,`content`,`title` FROM `rhgroup_topics` WHERE ( `groupid` > 0 ) AND ( `isaudit` = 0 ) ORDER BY istop desc,addtime desc LIMIT 15   [ RunTime:0.000295s ]
NOTIC: [8] Undefined variable: result D:\PHPWeb\app\Lib\Model\group_topicsModel.class.php 第 50 行.
SQL: SELECT `userid` FROM `rhuser` WHERE ( `isenable` = 0 ) ORDER BY uptime desc LIMIT 12   [ RunTime:0.000285s ]
NOTIC: [2] Invalid argument supplied for foreach() D:\PHPWeb\app\Lib\Model\userModel.class.php 第 49 行.
NOTIC: [8] Undefined variable: result D:\PHPWeb\app\Lib\Model\userModel.class.php 第 52 行.
SQL: SHOW COLUMNS FROM `rharticle_item` [ RunTime:0.001989s ]
SQL: SELECT * FROM `rharticle_item` WHERE ( `isaudit` = 0 ) ORDER BY addtime desc LIMIT 8   [ RunTime:0.000285s ]
SQL: SELECT * FROM `rhgroup` WHERE ( `isrecommend` = 1 ) ORDER BY groupid asc LIMIT 10   [ RunTime:0.000267s ]
NOTIC: [8] Undefined variable: result D:\PHPWeb\app\Lib\Model\groupModel.class.php 第 127 行.
NOTIC: [2] Invalid argument supplied for foreach() D:\PHPWeb\app\Lib\Action\home\indexAction.class.php 第 27 行.
SQL: SELECT COUNT(*) AS tp_count FROM `rhuser` LIMIT 1   [ RunTime:0.000165s ]
NOTIC: [8] Undefined variable: arrRecommendGroup D:\PHPWeb\app\Lib\Action\home\indexAction.class.php 第 38 行.
INFO: [ view_template ] --START--
INFO: Run LocationTemplate Behavior [ RunTime:0.000786s ]
INFO: [ view_template ] --END-- [ RunTime:0.000862s ]
INFO: [ view_parse ] --START--
NOTIC: [8] Use of undefined constant userid - assumed 'userid' D:\PHPWeb\data\runtime\Cache\home\11e2f12d84b746b76491e3160c81a5b0.php 第 124 行.
INFO: Run ParseTemplate Behavior [ RunTime:0.031207s ]
INFO: [ view_parse ] --END-- [ RunTime:0.031333s ]
INFO: [ view_filter ] --START--
INFO: Run ContentReplace Behavior [ RunTime:0.000767s ]
INFO: Run TokenBuild Behavior [ RunTime:0.000707s ]
INFO: Run WriteHtmlCache Behavior [ RunTime:0.000515s ]
INFO: Run ShowRuntime Behavior [ RunTime:0.001031s ]
INFO: Run content_replace Behavior [ RunTime:0.001070s ]
INFO: [ view_filter ] --END-- [ RunTime:0.004430s ]
INFO: [ view_end ] --START--
INFO: Run ShowPageTrace Behavior [ RunTime:0.001044s ]
INFO: [ view_end ] --END-- [ RunTime:0.001149s ]

